Determining if the pthread_create exist failed with the following output:
Change Dir: /home/myjy/work/modelGeo/sagacious-octo-waddle/TD5-6/build-TD5/CMakeFiles/CMakeTmp

Run Build Command:/usr/bin/make "cmTryCompileExec1019532777/fast"
/usr/bin/make -f CMakeFiles/cmTryCompileExec1019532777.dir/build.make CMakeFiles/cmTryCompileExec1019532777.dir/build
make[1]: entrant dans le répertoire « /home/myjy/work/modelGeo/sagacious-octo-waddle/TD5-6/build-TD5/CMakeFiles/CMakeTmp »
/usr/bin/cmake -E cmake_progress_report /home/myjy/work/modelGeo/sagacious-octo-waddle/TD5-6/build-TD5/CMakeFiles/CMakeTmp/CMakeFiles 1
Building C object CMakeFiles/cmTryCompileExec1019532777.dir/CheckSymbolExists.c.o
/usr/bin/cc    -o CMakeFiles/cmTryCompileExec1019532777.dir/CheckSymbolExists.c.o   -c /home/myjy/work/modelGeo/sagacious-octo-waddle/TD5-6/build-TD5/CMakeFiles/CMakeTmp/CheckSymbolExists.c
Linking C executable cmTryCompileExec1019532777
/usr/bin/cmake -E cmake_link_script CMakeFiles/cmTryCompileExec1019532777.dir/link.txt --verbose=1
/usr/bin/cc       CMakeFiles/cmTryCompileExec1019532777.dir/CheckSymbolExists.c.o  -o cmTryCompileExec1019532777 -rdynamic 
CMakeFiles/cmTryCompileExec1019532777.dir/CheckSymbolExists.c.o: dans la fonction « main »:
CheckSymbolExists.c:(.text+0x16): référence indéfinie vers « pthread_create »
collect2: error: ld returned 1 exit status
make[1]: *** [cmTryCompileExec1019532777] Erreur 1
make[1]: quittant le répertoire « /home/myjy/work/modelGeo/sagacious-octo-waddle/TD5-6/build-TD5/CMakeFiles/CMakeTmp »
make: *** [cmTryCompileExec1019532777/fast] Erreur 2

File /home/myjy/work/modelGeo/sagacious-octo-waddle/TD5-6/build-TD5/CMakeFiles/CMakeTmp/CheckSymbolExists.c:
/* */
#include <pthread.h>

int main(int argc, char** argv)
{
  (void)argv;
#ifndef pthread_create
  return ((int*)(&pthread_create))[argc];
#else
  (void)argc;
  return 0;
#endif
}

Determining if the function pthread_create exists in the pthreads failed with the following output:
Change Dir: /home/myjy/work/modelGeo/sagacious-octo-waddle/TD5-6/build-TD5/CMakeFiles/CMakeTmp

Run Build Command:/usr/bin/make "cmTryCompileExec4201102345/fast"
/usr/bin/make -f CMakeFiles/cmTryCompileExec4201102345.dir/build.make CMakeFiles/cmTryCompileExec4201102345.dir/build
make[1]: entrant dans le répertoire « /home/myjy/work/modelGeo/sagacious-octo-waddle/TD5-6/build-TD5/CMakeFiles/CMakeTmp »
/usr/bin/cmake -E cmake_progress_report /home/myjy/work/modelGeo/sagacious-octo-waddle/TD5-6/build-TD5/CMakeFiles/CMakeTmp/CMakeFiles 1
Building C object CMakeFiles/cmTryCompileExec4201102345.dir/CheckFunctionExists.c.o
/usr/bin/cc   -DCHECK_FUNCTION_EXISTS=pthread_create   -o CMakeFiles/cmTryCompileExec4201102345.dir/CheckFunctionExists.c.o   -c /usr/share/cmake-2.8/Modules/CheckFunctionExists.c
Linking C executable cmTryCompileExec4201102345
/usr/bin/cmake -E cmake_link_script CMakeFiles/cmTryCompileExec4201102345.dir/link.txt --verbose=1
/usr/bin/cc   -DCHECK_FUNCTION_EXISTS=pthread_create    CMakeFiles/cmTryCompileExec4201102345.dir/CheckFunctionExists.c.o  -o cmTryCompileExec4201102345 -rdynamic -lpthreads 
/usr/bin/ld: ne peut trouver -lpthreads
collect2: error: ld returned 1 exit status
make[1]: *** [cmTryCompileExec4201102345] Erreur 1
make[1]: quittant le répertoire « /home/myjy/work/modelGeo/sagacious-octo-waddle/TD5-6/build-TD5/CMakeFiles/CMakeTmp »
make: *** [cmTryCompileExec4201102345/fast] Erreur 2


Determining if the function glXGetProcAddressEXT exists failed with the following output:
Change Dir: /home/myjy/work/modelGeo/sagacious-octo-waddle/TD5-6/build-TD5/CMakeFiles/CMakeTmp

Run Build Command:/usr/bin/make "cmTryCompileExec1016612220/fast"
/usr/bin/make -f CMakeFiles/cmTryCompileExec1016612220.dir/build.make CMakeFiles/cmTryCompileExec1016612220.dir/build
make[1]: entrant dans le répertoire « /home/myjy/work/modelGeo/sagacious-octo-waddle/TD5-6/build-TD5/CMakeFiles/CMakeTmp »
/usr/bin/cmake -E cmake_progress_report /home/myjy/work/modelGeo/sagacious-octo-waddle/TD5-6/build-TD5/CMakeFiles/CMakeTmp/CMakeFiles 1
Building C object CMakeFiles/cmTryCompileExec1016612220.dir/CheckFunctionExists.c.o
/usr/bin/cc   -DCHECK_FUNCTION_EXISTS=glXGetProcAddressEXT   -o CMakeFiles/cmTryCompileExec1016612220.dir/CheckFunctionExists.c.o   -c /usr/share/cmake-2.8/Modules/CheckFunctionExists.c
Linking C executable cmTryCompileExec1016612220
/usr/bin/cmake -E cmake_link_script CMakeFiles/cmTryCompileExec1016612220.dir/link.txt --verbose=1
/usr/bin/cc   -DCHECK_FUNCTION_EXISTS=glXGetProcAddressEXT    CMakeFiles/cmTryCompileExec1016612220.dir/CheckFunctionExists.c.o  -o cmTryCompileExec1016612220 -rdynamic -lGL 
CMakeFiles/cmTryCompileExec1016612220.dir/CheckFunctionExists.c.o: dans la fonction « main »:
CheckFunctionExists.c:(.text+0x15): référence indéfinie vers « glXGetProcAddressEXT »
collect2: error: ld returned 1 exit status
make[1]: *** [cmTryCompileExec1016612220] Erreur 1
make[1]: quittant le répertoire « /home/myjy/work/modelGeo/sagacious-octo-waddle/TD5-6/build-TD5/CMakeFiles/CMakeTmp »
make: *** [cmTryCompileExec1016612220/fast] Erreur 2


