The system is: Linux - 3.13.0-68-generic - x86_64
Compiling the C compiler identification source file "CMakeCCompilerId.c" succeeded.
Compiler: /usr/bin/cc 
Build flags: 
Id flags: 

The output was:
0


Compilation of the C compiler identification source "CMakeCCompilerId.c" produced "a.out"

The C compiler identification is GNU, found in "/home/myjy/work/modelGeo/sagacious-octo-waddle/TD5-6/build-TD5/CMakeFiles/2.8.12.2/CompilerIdC/a.out"

Compiling the CXX compiler identification source file "CMakeCXXCompilerId.cpp" succeeded.
Compiler: /usr/bin/c++ 
Build flags: 
Id flags: 

The output was:
0


Compilation of the CXX compiler identification source "CMakeCXXCompilerId.cpp" produced "a.out"

The CXX compiler identification is GNU, found in "/home/myjy/work/modelGeo/sagacious-octo-waddle/TD5-6/build-TD5/CMakeFiles/2.8.12.2/CompilerIdCXX/a.out"

Determining if the C compiler works passed with the following output:
Change Dir: /home/myjy/work/modelGeo/sagacious-octo-waddle/TD5-6/build-TD5/CMakeFiles/CMakeTmp

Run Build Command:/usr/bin/make "cmTryCompileExec408997718/fast"
/usr/bin/make -f CMakeFiles/cmTryCompileExec408997718.dir/build.make CMakeFiles/cmTryCompileExec408997718.dir/build
make[1]: entrant dans le répertoire « /home/myjy/work/modelGeo/sagacious-octo-waddle/TD5-6/build-TD5/CMakeFiles/CMakeTmp »
/usr/bin/cmake -E cmake_progress_report /home/myjy/work/modelGeo/sagacious-octo-waddle/TD5-6/build-TD5/CMakeFiles/CMakeTmp/CMakeFiles 1
Building C object CMakeFiles/cmTryCompileExec408997718.dir/testCCompiler.c.o
/usr/bin/cc    -o CMakeFiles/cmTryCompileExec408997718.dir/testCCompiler.c.o   -c /home/myjy/work/modelGeo/sagacious-octo-waddle/TD5-6/build-TD5/CMakeFiles/CMakeTmp/testCCompiler.c
Linking C executable cmTryCompileExec408997718
/usr/bin/cmake -E cmake_link_script CMakeFiles/cmTryCompileExec408997718.dir/link.txt --verbose=1
/usr/bin/cc       CMakeFiles/cmTryCompileExec408997718.dir/testCCompiler.c.o  -o cmTryCompileExec408997718 -rdynamic 
make[1]: quittant le répertoire « /home/myjy/work/modelGeo/sagacious-octo-waddle/TD5-6/build-TD5/CMakeFiles/CMakeTmp »


Detecting C compiler ABI info compiled with the following output:
Change Dir: /home/myjy/work/modelGeo/sagacious-octo-waddle/TD5-6/build-TD5/CMakeFiles/CMakeTmp

Run Build Command:/usr/bin/make "cmTryCompileExec1586388880/fast"
/usr/bin/make -f CMakeFiles/cmTryCompileExec1586388880.dir/build.make CMakeFiles/cmTryCompileExec1586388880.dir/build
make[1]: entrant dans le répertoire « /home/myjy/work/modelGeo/sagacious-octo-waddle/TD5-6/build-TD5/CMakeFiles/CMakeTmp »
/usr/bin/cmake -E cmake_progress_report /home/myjy/work/modelGeo/sagacious-octo-waddle/TD5-6/build-TD5/CMakeFiles/CMakeTmp/CMakeFiles 1
Building C object CMakeFiles/cmTryCompileExec1586388880.dir/CMakeCCompilerABI.c.o
/usr/bin/cc    -o CMakeFiles/cmTryCompileExec1586388880.dir/CMakeCCompilerABI.c.o   -c /usr/share/cmake-2.8/Modules/CMakeCCompilerABI.c
Linking C executable cmTryCompileExec1586388880
/usr/bin/cmake -E cmake_link_script CMakeFiles/cmTryCompileExec1586388880.dir/link.txt --verbose=1
/usr/bin/cc     -v CMakeFiles/cmTryCompileExec1586388880.dir/CMakeCCompilerABI.c.o  -o cmTryCompileExec1586388880 -rdynamic  
Using built-in specs.
COLLECT_GCC=/usr/bin/cc
COLLECT_LTO_WRAPPER=/usr/lib/gcc/x86_64-linux-gnu/4.8/lto-wrapper
Target: x86_64-linux-gnu
Configured with: ../src/configure -v --with-pkgversion='Ubuntu 4.8.4-2ubuntu1~14.04' --with-bugurl=file:///usr/share/doc/gcc-4.8/README.Bugs --enable-languages=c,c++,java,go,d,fortran,objc,obj-c++ --prefix=/usr --program-suffix=-4.8 --enable-shared --enable-linker-build-id --libexecdir=/usr/lib --without-included-gettext --enable-threads=posix --with-gxx-include-dir=/usr/include/c++/4.8 --libdir=/usr/lib --enable-nls --with-sysroot=/ --enable-clocale=gnu --enable-libstdcxx-debug --enable-libstdcxx-time=yes --enable-gnu-unique-object --disable-libmudflap --enable-plugin --with-system-zlib --disable-browser-plugin --enable-java-awt=gtk --enable-gtk-cairo --with-java-home=/usr/lib/jvm/java-1.5.0-gcj-4.8-amd64/jre --enable-java-home --with-jvm-root-dir=/usr/lib/jvm/java-1.5.0-gcj-4.8-amd64 --with-jvm-jar-dir=/usr/lib/jvm-exports/java-1.5.0-gcj-4.8-amd64 --with-arch-directory=amd64 --with-ecj-jar=/usr/share/java/eclipse-ecj.jar --enable-objc-gc --enable-multiarch --disable-werror --with-arch-32=i686 --with-abi=m64 --with-multilib-list=m32,m64,mx32 --with-tune=generic --enable-checking=release --build=x86_64-linux-gnu --host=x86_64-linux-gnu --target=x86_64-linux-gnu
Thread model: posix
gcc version 4.8.4 (Ubuntu 4.8.4-2ubuntu1~14.04) 
COMPILER_PATH=/usr/lib/gcc/x86_64-linux-gnu/4.8/:/usr/lib/gcc/x86_64-linux-gnu/4.8/:/usr/lib/gcc/x86_64-linux-gnu/:/usr/lib/gcc/x86_64-linux-gnu/4.8/:/usr/lib/gcc/x86_64-linux-gnu/
LIBRARY_PATH=/usr/lib/gcc/x86_64-linux-gnu/4.8/:/usr/lib/gcc/x86_64-linux-gnu/4.8/../../../x86_64-linux-gnu/:/usr/lib/gcc/x86_64-linux-gnu/4.8/../../../../lib/:/lib/x86_64-linux-gnu/:/lib/../lib/:/usr/lib/x86_64-linux-gnu/:/usr/lib/../lib/:/usr/lib/gcc/x86_64-linux-gnu/4.8/../../../:/lib/:/usr/lib/
COLLECT_GCC_OPTIONS='-v' '-o' 'cmTryCompileExec1586388880' '-rdynamic' '-mtune=generic' '-march=x86-64'
 /usr/lib/gcc/x86_64-linux-gnu/4.8/collect2 --sysroot=/ --build-id --eh-frame-hdr -m elf_x86_64 --hash-style=gnu --as-needed -export-dynamic -dynamic-linker /lib64/ld-linux-x86-64.so.2 -z relro -o cmTryCompileExec1586388880 /usr/lib/gcc/x86_64-linux-gnu/4.8/../../../x86_64-linux-gnu/crt1.o /usr/lib/gcc/x86_64-linux-gnu/4.8/../../../x86_64-linux-gnu/crti.o /usr/lib/gcc/x86_64-linux-gnu/4.8/crtbegin.o -L/usr/lib/gcc/x86_64-linux-gnu/4.8 -L/usr/lib/gcc/x86_64-linux-gnu/4.8/../../../x86_64-linux-gnu -L/usr/lib/gcc/x86_64-linux-gnu/4.8/../../../../lib -L/lib/x86_64-linux-gnu -L/lib/../lib -L/usr/lib/x86_64-linux-gnu -L/usr/lib/../lib -L/usr/lib/gcc/x86_64-linux-gnu/4.8/../../.. CMakeFiles/cmTryCompileExec1586388880.dir/CMakeCCompilerABI.c.o -lgcc --as-needed -lgcc_s --no-as-needed -lc -lgcc --as-needed -lgcc_s --no-as-needed /usr/lib/gcc/x86_64-linux-gnu/4.8/crtend.o /usr/lib/gcc/x86_64-linux-gnu/4.8/../../../x86_64-linux-gnu/crtn.o
make[1]: quittant le répertoire « /home/myjy/work/modelGeo/sagacious-octo-waddle/TD5-6/build-TD5/CMakeFiles/CMakeTmp »


Parsed C implicit link information from above output:
  link line regex: [^( *|.*[/\])(ld|([^/\]+-)?ld|collect2)[^/\]*( |$)]
  ignore line: [Change Dir: /home/myjy/work/modelGeo/sagacious-octo-waddle/TD5-6/build-TD5/CMakeFiles/CMakeTmp]
  ignore line: []
  ignore line: [Run Build Command:/usr/bin/make "cmTryCompileExec1586388880/fast"]
  ignore line: [/usr/bin/make -f CMakeFiles/cmTryCompileExec1586388880.dir/build.make CMakeFiles/cmTryCompileExec1586388880.dir/build]
  ignore line: [make[1]: entrant dans le répertoire « /home/myjy/work/modelGeo/sagacious-octo-waddle/TD5-6/build-TD5/CMakeFiles/CMakeTmp »]
  ignore line: [/usr/bin/cmake -E cmake_progress_report /home/myjy/work/modelGeo/sagacious-octo-waddle/TD5-6/build-TD5/CMakeFiles/CMakeTmp/CMakeFiles 1]
  ignore line: [Building C object CMakeFiles/cmTryCompileExec1586388880.dir/CMakeCCompilerABI.c.o]
  ignore line: [/usr/bin/cc    -o CMakeFiles/cmTryCompileExec1586388880.dir/CMakeCCompilerABI.c.o   -c /usr/share/cmake-2.8/Modules/CMakeCCompilerABI.c]
  ignore line: [Linking C executable cmTryCompileExec1586388880]
  ignore line: [/usr/bin/cmake -E cmake_link_script CMakeFiles/cmTryCompileExec1586388880.dir/link.txt --verbose=1]
  ignore line: [/usr/bin/cc     -v CMakeFiles/cmTryCompileExec1586388880.dir/CMakeCCompilerABI.c.o  -o cmTryCompileExec1586388880 -rdynamic  ]
  ignore line: [Using built-in specs.]
  ignore line: [COLLECT_GCC=/usr/bin/cc]
  ignore line: [COLLECT_LTO_WRAPPER=/usr/lib/gcc/x86_64-linux-gnu/4.8/lto-wrapper]
  ignore line: [Target: x86_64-linux-gnu]
  ignore line: [Configured with: ../src/configure -v --with-pkgversion='Ubuntu 4.8.4-2ubuntu1~14.04' --with-bugurl=file:///usr/share/doc/gcc-4.8/README.Bugs --enable-languages=c,c++,java,go,d,fortran,objc,obj-c++ --prefix=/usr --program-suffix=-4.8 --enable-shared --enable-linker-build-id --libexecdir=/usr/lib --without-included-gettext --enable-threads=posix --with-gxx-include-dir=/usr/include/c++/4.8 --libdir=/usr/lib --enable-nls --with-sysroot=/ --enable-clocale=gnu --enable-libstdcxx-debug --enable-libstdcxx-time=yes --enable-gnu-unique-object --disable-libmudflap --enable-plugin --with-system-zlib --disable-browser-plugin --enable-java-awt=gtk --enable-gtk-cairo --with-java-home=/usr/lib/jvm/java-1.5.0-gcj-4.8-amd64/jre --enable-java-home --with-jvm-root-dir=/usr/lib/jvm/java-1.5.0-gcj-4.8-amd64 --with-jvm-jar-dir=/usr/lib/jvm-exports/java-1.5.0-gcj-4.8-amd64 --with-arch-directory=amd64 --with-ecj-jar=/usr/share/java/eclipse-ecj.jar --enable-objc-gc --enable-multiarch --disable-werror --with-arch-32=i686 --with-abi=m64 --with-multilib-list=m32,m64,mx32 --with-tune=generic --enable-checking=release --build=x86_64-linux-gnu --host=x86_64-linux-gnu --target=x86_64-linux-gnu]
  ignore line: [Thread model: posix]
  ignore line: [gcc version 4.8.4 (Ubuntu 4.8.4-2ubuntu1~14.04) ]
  ignore line: [COMPILER_PATH=/usr/lib/gcc/x86_64-linux-gnu/4.8/:/usr/lib/gcc/x86_64-linux-gnu/4.8/:/usr/lib/gcc/x86_64-linux-gnu/:/usr/lib/gcc/x86_64-linux-gnu/4.8/:/usr/lib/gcc/x86_64-linux-gnu/]
  ignore line: [LIBRARY_PATH=/usr/lib/gcc/x86_64-linux-gnu/4.8/:/usr/lib/gcc/x86_64-linux-gnu/4.8/../../../x86_64-linux-gnu/:/usr/lib/gcc/x86_64-linux-gnu/4.8/../../../../lib/:/lib/x86_64-linux-gnu/:/lib/../lib/:/usr/lib/x86_64-linux-gnu/:/usr/lib/../lib/:/usr/lib/gcc/x86_64-linux-gnu/4.8/../../../:/lib/:/usr/lib/]
  ignore line: [COLLECT_GCC_OPTIONS='-v' '-o' 'cmTryCompileExec1586388880' '-rdynamic' '-mtune=generic' '-march=x86-64']
  link line: [ /usr/lib/gcc/x86_64-linux-gnu/4.8/collect2 --sysroot=/ --build-id --eh-frame-hdr -m elf_x86_64 --hash-style=gnu --as-needed -export-dynamic -dynamic-linker /lib64/ld-linux-x86-64.so.2 -z relro -o cmTryCompileExec1586388880 /usr/lib/gcc/x86_64-linux-gnu/4.8/../../../x86_64-linux-gnu/crt1.o /usr/lib/gcc/x86_64-linux-gnu/4.8/../../../x86_64-linux-gnu/crti.o /usr/lib/gcc/x86_64-linux-gnu/4.8/crtbegin.o -L/usr/lib/gcc/x86_64-linux-gnu/4.8 -L/usr/lib/gcc/x86_64-linux-gnu/4.8/../../../x86_64-linux-gnu -L/usr/lib/gcc/x86_64-linux-gnu/4.8/../../../../lib -L/lib/x86_64-linux-gnu -L/lib/../lib -L/usr/lib/x86_64-linux-gnu -L/usr/lib/../lib -L/usr/lib/gcc/x86_64-linux-gnu/4.8/../../.. CMakeFiles/cmTryCompileExec1586388880.dir/CMakeCCompilerABI.c.o -lgcc --as-needed -lgcc_s --no-as-needed -lc -lgcc --as-needed -lgcc_s --no-as-needed /usr/lib/gcc/x86_64-linux-gnu/4.8/crtend.o /usr/lib/gcc/x86_64-linux-gnu/4.8/../../../x86_64-linux-gnu/crtn.o]
    arg [/usr/lib/gcc/x86_64-linux-gnu/4.8/collect2] ==> ignore
    arg [--sysroot=/] ==> ignore
    arg [--build-id] ==> ignore
    arg [--eh-frame-hdr] ==> ignore
    arg [-m] ==> ignore
    arg [elf_x86_64] ==> ignore
    arg [--hash-style=gnu] ==> ignore
    arg [--as-needed] ==> ignore
    arg [-export-dynamic] ==> ignore
    arg [-dynamic-linker] ==> ignore
    arg [/lib64/ld-linux-x86-64.so.2] ==> ignore
    arg [-zrelro] ==> ignore
    arg [-o] ==> ignore
    arg [cmTryCompileExec1586388880] ==> ignore
    arg [/usr/lib/gcc/x86_64-linux-gnu/4.8/../../../x86_64-linux-gnu/crt1.o] ==> ignore
    arg [/usr/lib/gcc/x86_64-linux-gnu/4.8/../../../x86_64-linux-gnu/crti.o] ==> ignore
    arg [/usr/lib/gcc/x86_64-linux-gnu/4.8/crtbegin.o] ==> ignore
    arg [-L/usr/lib/gcc/x86_64-linux-gnu/4.8] ==> dir [/usr/lib/gcc/x86_64-linux-gnu/4.8]
    arg [-L/usr/lib/gcc/x86_64-linux-gnu/4.8/../../../x86_64-linux-gnu] ==> dir [/usr/lib/gcc/x86_64-linux-gnu/4.8/../../../x86_64-linux-gnu]
    arg [-L/usr/lib/gcc/x86_64-linux-gnu/4.8/../../../../lib] ==> dir [/usr/lib/gcc/x86_64-linux-gnu/4.8/../../../../lib]
    arg [-L/lib/x86_64-linux-gnu] ==> dir [/lib/x86_64-linux-gnu]
    arg [-L/lib/../lib] ==> dir [/lib/../lib]
    arg [-L/usr/lib/x86_64-linux-gnu] ==> dir [/usr/lib/x86_64-linux-gnu]
    arg [-L/usr/lib/../lib] ==> dir [/usr/lib/../lib]
    arg [-L/usr/lib/gcc/x86_64-linux-gnu/4.8/../../..] ==> dir [/usr/lib/gcc/x86_64-linux-gnu/4.8/../../..]
    arg [CMakeFiles/cmTryCompileExec1586388880.dir/CMakeCCompilerABI.c.o] ==> ignore
    arg [-lgcc] ==> lib [gcc]
    arg [--as-needed] ==> ignore
    arg [-lgcc_s] ==> lib [gcc_s]
    arg [--no-as-needed] ==> ignore
    arg [-lc] ==> lib [c]
    arg [-lgcc] ==> lib [gcc]
    arg [--as-needed] ==> ignore
    arg [-lgcc_s] ==> lib [gcc_s]
    arg [--no-as-needed] ==> ignore
    arg [/usr/lib/gcc/x86_64-linux-gnu/4.8/crtend.o] ==> ignore
    arg [/usr/lib/gcc/x86_64-linux-gnu/4.8/../../../x86_64-linux-gnu/crtn.o] ==> ignore
  remove lib [gcc]
  remove lib [gcc_s]
  remove lib [gcc]
  remove lib [gcc_s]
  collapse library dir [/usr/lib/gcc/x86_64-linux-gnu/4.8] ==> [/usr/lib/gcc/x86_64-linux-gnu/4.8]
  collapse library dir [/usr/lib/gcc/x86_64-linux-gnu/4.8/../../../x86_64-linux-gnu] ==> [/usr/lib/x86_64-linux-gnu]
  collapse library dir [/usr/lib/gcc/x86_64-linux-gnu/4.8/../../../../lib] ==> [/usr/lib]
  collapse library dir [/lib/x86_64-linux-gnu] ==> [/lib/x86_64-linux-gnu]
  collapse library dir [/lib/../lib] ==> [/lib]
  collapse library dir [/usr/lib/x86_64-linux-gnu] ==> [/usr/lib/x86_64-linux-gnu]
  collapse library dir [/usr/lib/../lib] ==> [/usr/lib]
  collapse library dir [/usr/lib/gcc/x86_64-linux-gnu/4.8/../../..] ==> [/usr/lib]
  implicit libs: [c]
  implicit dirs: [/usr/lib/gcc/x86_64-linux-gnu/4.8;/usr/lib/x86_64-linux-gnu;/usr/lib;/lib/x86_64-linux-gnu;/lib]
  implicit fwks: []


Determining if the CXX compiler works passed with the following output:
Change Dir: /home/myjy/work/modelGeo/sagacious-octo-waddle/TD5-6/build-TD5/CMakeFiles/CMakeTmp

Run Build Command:/usr/bin/make "cmTryCompileExec2832082565/fast"
/usr/bin/make -f CMakeFiles/cmTryCompileExec2832082565.dir/build.make CMakeFiles/cmTryCompileExec2832082565.dir/build
make[1]: entrant dans le répertoire « /home/myjy/work/modelGeo/sagacious-octo-waddle/TD5-6/build-TD5/CMakeFiles/CMakeTmp »
/usr/bin/cmake -E cmake_progress_report /home/myjy/work/modelGeo/sagacious-octo-waddle/TD5-6/build-TD5/CMakeFiles/CMakeTmp/CMakeFiles 1
Building CXX object CMakeFiles/cmTryCompileExec2832082565.dir/testCXXCompiler.cxx.o
/usr/bin/c++     -o CMakeFiles/cmTryCompileExec2832082565.dir/testCXXCompiler.cxx.o -c /home/myjy/work/modelGeo/sagacious-octo-waddle/TD5-6/build-TD5/CMakeFiles/CMakeTmp/testCXXCompiler.cxx
Linking CXX executable cmTryCompileExec2832082565
/usr/bin/cmake -E cmake_link_script CMakeFiles/cmTryCompileExec2832082565.dir/link.txt --verbose=1
/usr/bin/c++        CMakeFiles/cmTryCompileExec2832082565.dir/testCXXCompiler.cxx.o  -o cmTryCompileExec2832082565 -rdynamic 
make[1]: quittant le répertoire « /home/myjy/work/modelGeo/sagacious-octo-waddle/TD5-6/build-TD5/CMakeFiles/CMakeTmp »


Detecting CXX compiler ABI info compiled with the following output:
Change Dir: /home/myjy/work/modelGeo/sagacious-octo-waddle/TD5-6/build-TD5/CMakeFiles/CMakeTmp

Run Build Command:/usr/bin/make "cmTryCompileExec1893648611/fast"
/usr/bin/make -f CMakeFiles/cmTryCompileExec1893648611.dir/build.make CMakeFiles/cmTryCompileExec1893648611.dir/build
make[1]: entrant dans le répertoire « /home/myjy/work/modelGeo/sagacious-octo-waddle/TD5-6/build-TD5/CMakeFiles/CMakeTmp »
/usr/bin/cmake -E cmake_progress_report /home/myjy/work/modelGeo/sagacious-octo-waddle/TD5-6/build-TD5/CMakeFiles/CMakeTmp/CMakeFiles 1
Building CXX object CMakeFiles/cmTryCompileExec1893648611.dir/CMakeCXXCompilerABI.cpp.o
/usr/bin/c++     -o CMakeFiles/cmTryCompileExec1893648611.dir/CMakeCXXCompilerABI.cpp.o -c /usr/share/cmake-2.8/Modules/CMakeCXXCompilerABI.cpp
Linking CXX executable cmTryCompileExec1893648611
/usr/bin/cmake -E cmake_link_script CMakeFiles/cmTryCompileExec1893648611.dir/link.txt --verbose=1
/usr/bin/c++      -v CMakeFiles/cmTryCompileExec1893648611.dir/CMakeCXXCompilerABI.cpp.o  -o cmTryCompileExec1893648611 -rdynamic  
Using built-in specs.
COLLECT_GCC=/usr/bin/c++
COLLECT_LTO_WRAPPER=/usr/lib/gcc/x86_64-linux-gnu/4.8/lto-wrapper
Target: x86_64-linux-gnu
Configured with: ../src/configure -v --with-pkgversion='Ubuntu 4.8.4-2ubuntu1~14.04' --with-bugurl=file:///usr/share/doc/gcc-4.8/README.Bugs --enable-languages=c,c++,java,go,d,fortran,objc,obj-c++ --prefix=/usr --program-suffix=-4.8 --enable-shared --enable-linker-build-id --libexecdir=/usr/lib --without-included-gettext --enable-threads=posix --with-gxx-include-dir=/usr/include/c++/4.8 --libdir=/usr/lib --enable-nls --with-sysroot=/ --enable-clocale=gnu --enable-libstdcxx-debug --enable-libstdcxx-time=yes --enable-gnu-unique-object --disable-libmudflap --enable-plugin --with-system-zlib --disable-browser-plugin --enable-java-awt=gtk --enable-gtk-cairo --with-java-home=/usr/lib/jvm/java-1.5.0-gcj-4.8-amd64/jre --enable-java-home --with-jvm-root-dir=/usr/lib/jvm/java-1.5.0-gcj-4.8-amd64 --with-jvm-jar-dir=/usr/lib/jvm-exports/java-1.5.0-gcj-4.8-amd64 --with-arch-directory=amd64 --with-ecj-jar=/usr/share/java/eclipse-ecj.jar --enable-objc-gc --enable-multiarch --disable-werror --with-arch-32=i686 --with-abi=m64 --with-multilib-list=m32,m64,mx32 --with-tune=generic --enable-checking=release --build=x86_64-linux-gnu --host=x86_64-linux-gnu --target=x86_64-linux-gnu
Thread model: posix
gcc version 4.8.4 (Ubuntu 4.8.4-2ubuntu1~14.04) 
COMPILER_PATH=/usr/lib/gcc/x86_64-linux-gnu/4.8/:/usr/lib/gcc/x86_64-linux-gnu/4.8/:/usr/lib/gcc/x86_64-linux-gnu/:/usr/lib/gcc/x86_64-linux-gnu/4.8/:/usr/lib/gcc/x86_64-linux-gnu/
LIBRARY_PATH=/usr/lib/gcc/x86_64-linux-gnu/4.8/:/usr/lib/gcc/x86_64-linux-gnu/4.8/../../../x86_64-linux-gnu/:/usr/lib/gcc/x86_64-linux-gnu/4.8/../../../../lib/:/lib/x86_64-linux-gnu/:/lib/../lib/:/usr/lib/x86_64-linux-gnu/:/usr/lib/../lib/:/usr/lib/gcc/x86_64-linux-gnu/4.8/../../../:/lib/:/usr/lib/
COLLECT_GCC_OPTIONS='-v' '-o' 'cmTryCompileExec1893648611' '-rdynamic' '-shared-libgcc' '-mtune=generic' '-march=x86-64'
 /usr/lib/gcc/x86_64-linux-gnu/4.8/collect2 --sysroot=/ --build-id --eh-frame-hdr -m elf_x86_64 --hash-style=gnu --as-needed -export-dynamic -dynamic-linker /lib64/ld-linux-x86-64.so.2 -z relro -o cmTryCompileExec1893648611 /usr/lib/gcc/x86_64-linux-gnu/4.8/../../../x86_64-linux-gnu/crt1.o /usr/lib/gcc/x86_64-linux-gnu/4.8/../../../x86_64-linux-gnu/crti.o /usr/lib/gcc/x86_64-linux-gnu/4.8/crtbegin.o -L/usr/lib/gcc/x86_64-linux-gnu/4.8 -L/usr/lib/gcc/x86_64-linux-gnu/4.8/../../../x86_64-linux-gnu -L/usr/lib/gcc/x86_64-linux-gnu/4.8/../../../../lib -L/lib/x86_64-linux-gnu -L/lib/../lib -L/usr/lib/x86_64-linux-gnu -L/usr/lib/../lib -L/usr/lib/gcc/x86_64-linux-gnu/4.8/../../.. CMakeFiles/cmTryCompileExec1893648611.dir/CMakeCXXCompilerABI.cpp.o -lstdc++ -lm -lgcc_s -lgcc -lc -lgcc_s -lgcc /usr/lib/gcc/x86_64-linux-gnu/4.8/crtend.o /usr/lib/gcc/x86_64-linux-gnu/4.8/../../../x86_64-linux-gnu/crtn.o
make[1]: quittant le répertoire « /home/myjy/work/modelGeo/sagacious-octo-waddle/TD5-6/build-TD5/CMakeFiles/CMakeTmp »


Parsed CXX implicit link information from above output:
  link line regex: [^( *|.*[/\])(ld|([^/\]+-)?ld|collect2)[^/\]*( |$)]
  ignore line: [Change Dir: /home/myjy/work/modelGeo/sagacious-octo-waddle/TD5-6/build-TD5/CMakeFiles/CMakeTmp]
  ignore line: []
  ignore line: [Run Build Command:/usr/bin/make "cmTryCompileExec1893648611/fast"]
  ignore line: [/usr/bin/make -f CMakeFiles/cmTryCompileExec1893648611.dir/build.make CMakeFiles/cmTryCompileExec1893648611.dir/build]
  ignore line: [make[1]: entrant dans le répertoire « /home/myjy/work/modelGeo/sagacious-octo-waddle/TD5-6/build-TD5/CMakeFiles/CMakeTmp »]
  ignore line: [/usr/bin/cmake -E cmake_progress_report /home/myjy/work/modelGeo/sagacious-octo-waddle/TD5-6/build-TD5/CMakeFiles/CMakeTmp/CMakeFiles 1]
  ignore line: [Building CXX object CMakeFiles/cmTryCompileExec1893648611.dir/CMakeCXXCompilerABI.cpp.o]
  ignore line: [/usr/bin/c++     -o CMakeFiles/cmTryCompileExec1893648611.dir/CMakeCXXCompilerABI.cpp.o -c /usr/share/cmake-2.8/Modules/CMakeCXXCompilerABI.cpp]
  ignore line: [Linking CXX executable cmTryCompileExec1893648611]
  ignore line: [/usr/bin/cmake -E cmake_link_script CMakeFiles/cmTryCompileExec1893648611.dir/link.txt --verbose=1]
  ignore line: [/usr/bin/c++      -v CMakeFiles/cmTryCompileExec1893648611.dir/CMakeCXXCompilerABI.cpp.o  -o cmTryCompileExec1893648611 -rdynamic  ]
  ignore line: [Using built-in specs.]
  ignore line: [COLLECT_GCC=/usr/bin/c++]
  ignore line: [COLLECT_LTO_WRAPPER=/usr/lib/gcc/x86_64-linux-gnu/4.8/lto-wrapper]
  ignore line: [Target: x86_64-linux-gnu]
  ignore line: [Configured with: ../src/configure -v --with-pkgversion='Ubuntu 4.8.4-2ubuntu1~14.04' --with-bugurl=file:///usr/share/doc/gcc-4.8/README.Bugs --enable-languages=c,c++,java,go,d,fortran,objc,obj-c++ --prefix=/usr --program-suffix=-4.8 --enable-shared --enable-linker-build-id --libexecdir=/usr/lib --without-included-gettext --enable-threads=posix --with-gxx-include-dir=/usr/include/c++/4.8 --libdir=/usr/lib --enable-nls --with-sysroot=/ --enable-clocale=gnu --enable-libstdcxx-debug --enable-libstdcxx-time=yes --enable-gnu-unique-object --disable-libmudflap --enable-plugin --with-system-zlib --disable-browser-plugin --enable-java-awt=gtk --enable-gtk-cairo --with-java-home=/usr/lib/jvm/java-1.5.0-gcj-4.8-amd64/jre --enable-java-home --with-jvm-root-dir=/usr/lib/jvm/java-1.5.0-gcj-4.8-amd64 --with-jvm-jar-dir=/usr/lib/jvm-exports/java-1.5.0-gcj-4.8-amd64 --with-arch-directory=amd64 --with-ecj-jar=/usr/share/java/eclipse-ecj.jar --enable-objc-gc --enable-multiarch --disable-werror --with-arch-32=i686 --with-abi=m64 --with-multilib-list=m32,m64,mx32 --with-tune=generic --enable-checking=release --build=x86_64-linux-gnu --host=x86_64-linux-gnu --target=x86_64-linux-gnu]
  ignore line: [Thread model: posix]
  ignore line: [gcc version 4.8.4 (Ubuntu 4.8.4-2ubuntu1~14.04) ]
  ignore line: [COMPILER_PATH=/usr/lib/gcc/x86_64-linux-gnu/4.8/:/usr/lib/gcc/x86_64-linux-gnu/4.8/:/usr/lib/gcc/x86_64-linux-gnu/:/usr/lib/gcc/x86_64-linux-gnu/4.8/:/usr/lib/gcc/x86_64-linux-gnu/]
  ignore line: [LIBRARY_PATH=/usr/lib/gcc/x86_64-linux-gnu/4.8/:/usr/lib/gcc/x86_64-linux-gnu/4.8/../../../x86_64-linux-gnu/:/usr/lib/gcc/x86_64-linux-gnu/4.8/../../../../lib/:/lib/x86_64-linux-gnu/:/lib/../lib/:/usr/lib/x86_64-linux-gnu/:/usr/lib/../lib/:/usr/lib/gcc/x86_64-linux-gnu/4.8/../../../:/lib/:/usr/lib/]
  ignore line: [COLLECT_GCC_OPTIONS='-v' '-o' 'cmTryCompileExec1893648611' '-rdynamic' '-shared-libgcc' '-mtune=generic' '-march=x86-64']
  link line: [ /usr/lib/gcc/x86_64-linux-gnu/4.8/collect2 --sysroot=/ --build-id --eh-frame-hdr -m elf_x86_64 --hash-style=gnu --as-needed -export-dynamic -dynamic-linker /lib64/ld-linux-x86-64.so.2 -z relro -o cmTryCompileExec1893648611 /usr/lib/gcc/x86_64-linux-gnu/4.8/../../../x86_64-linux-gnu/crt1.o /usr/lib/gcc/x86_64-linux-gnu/4.8/../../../x86_64-linux-gnu/crti.o /usr/lib/gcc/x86_64-linux-gnu/4.8/crtbegin.o -L/usr/lib/gcc/x86_64-linux-gnu/4.8 -L/usr/lib/gcc/x86_64-linux-gnu/4.8/../../../x86_64-linux-gnu -L/usr/lib/gcc/x86_64-linux-gnu/4.8/../../../../lib -L/lib/x86_64-linux-gnu -L/lib/../lib -L/usr/lib/x86_64-linux-gnu -L/usr/lib/../lib -L/usr/lib/gcc/x86_64-linux-gnu/4.8/../../.. CMakeFiles/cmTryCompileExec1893648611.dir/CMakeCXXCompilerABI.cpp.o -lstdc++ -lm -lgcc_s -lgcc -lc -lgcc_s -lgcc /usr/lib/gcc/x86_64-linux-gnu/4.8/crtend.o /usr/lib/gcc/x86_64-linux-gnu/4.8/../../../x86_64-linux-gnu/crtn.o]
    arg [/usr/lib/gcc/x86_64-linux-gnu/4.8/collect2] ==> ignore
    arg [--sysroot=/] ==> ignore
    arg [--build-id] ==> ignore
    arg [--eh-frame-hdr] ==> ignore
    arg [-m] ==> ignore
    arg [elf_x86_64] ==> ignore
    arg [--hash-style=gnu] ==> ignore
    arg [--as-needed] ==> ignore
    arg [-export-dynamic] ==> ignore
    arg [-dynamic-linker] ==> ignore
    arg [/lib64/ld-linux-x86-64.so.2] ==> ignore
    arg [-zrelro] ==> ignore
    arg [-o] ==> ignore
    arg [cmTryCompileExec1893648611] ==> ignore
    arg [/usr/lib/gcc/x86_64-linux-gnu/4.8/../../../x86_64-linux-gnu/crt1.o] ==> ignore
    arg [/usr/lib/gcc/x86_64-linux-gnu/4.8/../../../x86_64-linux-gnu/crti.o] ==> ignore
    arg [/usr/lib/gcc/x86_64-linux-gnu/4.8/crtbegin.o] ==> ignore
    arg [-L/usr/lib/gcc/x86_64-linux-gnu/4.8] ==> dir [/usr/lib/gcc/x86_64-linux-gnu/4.8]
    arg [-L/usr/lib/gcc/x86_64-linux-gnu/4.8/../../../x86_64-linux-gnu] ==> dir [/usr/lib/gcc/x86_64-linux-gnu/4.8/../../../x86_64-linux-gnu]
    arg [-L/usr/lib/gcc/x86_64-linux-gnu/4.8/../../../../lib] ==> dir [/usr/lib/gcc/x86_64-linux-gnu/4.8/../../../../lib]
    arg [-L/lib/x86_64-linux-gnu] ==> dir [/lib/x86_64-linux-gnu]
    arg [-L/lib/../lib] ==> dir [/lib/../lib]
    arg [-L/usr/lib/x86_64-linux-gnu] ==> dir [/usr/lib/x86_64-linux-gnu]
    arg [-L/usr/lib/../lib] ==> dir [/usr/lib/../lib]
    arg [-L/usr/lib/gcc/x86_64-linux-gnu/4.8/../../..] ==> dir [/usr/lib/gcc/x86_64-linux-gnu/4.8/../../..]
    arg [CMakeFiles/cmTryCompileExec1893648611.dir/CMakeCXXCompilerABI.cpp.o] ==> ignore
    arg [-lstdc++] ==> lib [stdc++]
    arg [-lm] ==> lib [m]
    arg [-lgcc_s] ==> lib [gcc_s]
    arg [-lgcc] ==> lib [gcc]
    arg [-lc] ==> lib [c]
    arg [-lgcc_s] ==> lib [gcc_s]
    arg [-lgcc] ==> lib [gcc]
    arg [/usr/lib/gcc/x86_64-linux-gnu/4.8/crtend.o] ==> ignore
    arg [/usr/lib/gcc/x86_64-linux-gnu/4.8/../../../x86_64-linux-gnu/crtn.o] ==> ignore
  remove lib [gcc_s]
  remove lib [gcc]
  remove lib [gcc_s]
  remove lib [gcc]
  collapse library dir [/usr/lib/gcc/x86_64-linux-gnu/4.8] ==> [/usr/lib/gcc/x86_64-linux-gnu/4.8]
  collapse library dir [/usr/lib/gcc/x86_64-linux-gnu/4.8/../../../x86_64-linux-gnu] ==> [/usr/lib/x86_64-linux-gnu]
  collapse library dir [/usr/lib/gcc/x86_64-linux-gnu/4.8/../../../../lib] ==> [/usr/lib]
  collapse library dir [/lib/x86_64-linux-gnu] ==> [/lib/x86_64-linux-gnu]
  collapse library dir [/lib/../lib] ==> [/lib]
  collapse library dir [/usr/lib/x86_64-linux-gnu] ==> [/usr/lib/x86_64-linux-gnu]
  collapse library dir [/usr/lib/../lib] ==> [/usr/lib]
  collapse library dir [/usr/lib/gcc/x86_64-linux-gnu/4.8/../../..] ==> [/usr/lib]
  implicit libs: [stdc++;m;c]
  implicit dirs: [/usr/lib/gcc/x86_64-linux-gnu/4.8;/usr/lib/x86_64-linux-gnu;/usr/lib;/lib/x86_64-linux-gnu;/lib]
  implicit fwks: []


Determining if the function XOpenDisplay exists in the /usr/lib/x86_64-linux-gnu/libX11.so;/usr/lib/x86_64-linux-gnu/libXext.so passed with the following output:
Change Dir: /home/myjy/work/modelGeo/sagacious-octo-waddle/TD5-6/build-TD5/CMakeFiles/CMakeTmp

Run Build Command:/usr/bin/make "cmTryCompileExec556340898/fast"
/usr/bin/make -f CMakeFiles/cmTryCompileExec556340898.dir/build.make CMakeFiles/cmTryCompileExec556340898.dir/build
make[1]: entrant dans le répertoire « /home/myjy/work/modelGeo/sagacious-octo-waddle/TD5-6/build-TD5/CMakeFiles/CMakeTmp »
/usr/bin/cmake -E cmake_progress_report /home/myjy/work/modelGeo/sagacious-octo-waddle/TD5-6/build-TD5/CMakeFiles/CMakeTmp/CMakeFiles 1
Building C object CMakeFiles/cmTryCompileExec556340898.dir/CheckFunctionExists.c.o
/usr/bin/cc   -DCHECK_FUNCTION_EXISTS=XOpenDisplay   -o CMakeFiles/cmTryCompileExec556340898.dir/CheckFunctionExists.c.o   -c /usr/share/cmake-2.8/Modules/CheckFunctionExists.c
Linking C executable cmTryCompileExec556340898
/usr/bin/cmake -E cmake_link_script CMakeFiles/cmTryCompileExec556340898.dir/link.txt --verbose=1
/usr/bin/cc   -DCHECK_FUNCTION_EXISTS=XOpenDisplay    CMakeFiles/cmTryCompileExec556340898.dir/CheckFunctionExists.c.o  -o cmTryCompileExec556340898 -rdynamic -lX11 -lXext 
make[1]: quittant le répertoire « /home/myjy/work/modelGeo/sagacious-octo-waddle/TD5-6/build-TD5/CMakeFiles/CMakeTmp »


Determining if the function gethostbyname exists passed with the following output:
Change Dir: /home/myjy/work/modelGeo/sagacious-octo-waddle/TD5-6/build-TD5/CMakeFiles/CMakeTmp

Run Build Command:/usr/bin/make "cmTryCompileExec666399344/fast"
/usr/bin/make -f CMakeFiles/cmTryCompileExec666399344.dir/build.make CMakeFiles/cmTryCompileExec666399344.dir/build
make[1]: entrant dans le répertoire « /home/myjy/work/modelGeo/sagacious-octo-waddle/TD5-6/build-TD5/CMakeFiles/CMakeTmp »
/usr/bin/cmake -E cmake_progress_report /home/myjy/work/modelGeo/sagacious-octo-waddle/TD5-6/build-TD5/CMakeFiles/CMakeTmp/CMakeFiles 1
Building C object CMakeFiles/cmTryCompileExec666399344.dir/CheckFunctionExists.c.o
/usr/bin/cc   -DCHECK_FUNCTION_EXISTS=gethostbyname   -o CMakeFiles/cmTryCompileExec666399344.dir/CheckFunctionExists.c.o   -c /usr/share/cmake-2.8/Modules/CheckFunctionExists.c
Linking C executable cmTryCompileExec666399344
/usr/bin/cmake -E cmake_link_script CMakeFiles/cmTryCompileExec666399344.dir/link.txt --verbose=1
/usr/bin/cc   -DCHECK_FUNCTION_EXISTS=gethostbyname    CMakeFiles/cmTryCompileExec666399344.dir/CheckFunctionExists.c.o  -o cmTryCompileExec666399344 -rdynamic 
make[1]: quittant le répertoire « /home/myjy/work/modelGeo/sagacious-octo-waddle/TD5-6/build-TD5/CMakeFiles/CMakeTmp »


Determining if the function connect exists passed with the following output:
Change Dir: /home/myjy/work/modelGeo/sagacious-octo-waddle/TD5-6/build-TD5/CMakeFiles/CMakeTmp

Run Build Command:/usr/bin/make "cmTryCompileExec3935106040/fast"
/usr/bin/make -f CMakeFiles/cmTryCompileExec3935106040.dir/build.make CMakeFiles/cmTryCompileExec3935106040.dir/build
make[1]: entrant dans le répertoire « /home/myjy/work/modelGeo/sagacious-octo-waddle/TD5-6/build-TD5/CMakeFiles/CMakeTmp »
/usr/bin/cmake -E cmake_progress_report /home/myjy/work/modelGeo/sagacious-octo-waddle/TD5-6/build-TD5/CMakeFiles/CMakeTmp/CMakeFiles 1
Building C object CMakeFiles/cmTryCompileExec3935106040.dir/CheckFunctionExists.c.o
/usr/bin/cc   -DCHECK_FUNCTION_EXISTS=connect   -o CMakeFiles/cmTryCompileExec3935106040.dir/CheckFunctionExists.c.o   -c /usr/share/cmake-2.8/Modules/CheckFunctionExists.c
Linking C executable cmTryCompileExec3935106040
/usr/bin/cmake -E cmake_link_script CMakeFiles/cmTryCompileExec3935106040.dir/link.txt --verbose=1
/usr/bin/cc   -DCHECK_FUNCTION_EXISTS=connect    CMakeFiles/cmTryCompileExec3935106040.dir/CheckFunctionExists.c.o  -o cmTryCompileExec3935106040 -rdynamic 
make[1]: quittant le répertoire « /home/myjy/work/modelGeo/sagacious-octo-waddle/TD5-6/build-TD5/CMakeFiles/CMakeTmp »


Determining if the function remove exists passed with the following output:
Change Dir: /home/myjy/work/modelGeo/sagacious-octo-waddle/TD5-6/build-TD5/CMakeFiles/CMakeTmp

Run Build Command:/usr/bin/make "cmTryCompileExec1837235615/fast"
/usr/bin/make -f CMakeFiles/cmTryCompileExec1837235615.dir/build.make CMakeFiles/cmTryCompileExec1837235615.dir/build
make[1]: entrant dans le répertoire « /home/myjy/work/modelGeo/sagacious-octo-waddle/TD5-6/build-TD5/CMakeFiles/CMakeTmp »
/usr/bin/cmake -E cmake_progress_report /home/myjy/work/modelGeo/sagacious-octo-waddle/TD5-6/build-TD5/CMakeFiles/CMakeTmp/CMakeFiles 1
Building C object CMakeFiles/cmTryCompileExec1837235615.dir/CheckFunctionExists.c.o
/usr/bin/cc   -DCHECK_FUNCTION_EXISTS=remove   -o CMakeFiles/cmTryCompileExec1837235615.dir/CheckFunctionExists.c.o   -c /usr/share/cmake-2.8/Modules/CheckFunctionExists.c
Linking C executable cmTryCompileExec1837235615
/usr/bin/cmake -E cmake_link_script CMakeFiles/cmTryCompileExec1837235615.dir/link.txt --verbose=1
/usr/bin/cc   -DCHECK_FUNCTION_EXISTS=remove    CMakeFiles/cmTryCompileExec1837235615.dir/CheckFunctionExists.c.o  -o cmTryCompileExec1837235615 -rdynamic 
make[1]: quittant le répertoire « /home/myjy/work/modelGeo/sagacious-octo-waddle/TD5-6/build-TD5/CMakeFiles/CMakeTmp »


Determining if the function shmat exists passed with the following output:
Change Dir: /home/myjy/work/modelGeo/sagacious-octo-waddle/TD5-6/build-TD5/CMakeFiles/CMakeTmp

Run Build Command:/usr/bin/make "cmTryCompileExec641015486/fast"
/usr/bin/make -f CMakeFiles/cmTryCompileExec641015486.dir/build.make CMakeFiles/cmTryCompileExec641015486.dir/build
make[1]: entrant dans le répertoire « /home/myjy/work/modelGeo/sagacious-octo-waddle/TD5-6/build-TD5/CMakeFiles/CMakeTmp »
/usr/bin/cmake -E cmake_progress_report /home/myjy/work/modelGeo/sagacious-octo-waddle/TD5-6/build-TD5/CMakeFiles/CMakeTmp/CMakeFiles 1
Building C object CMakeFiles/cmTryCompileExec641015486.dir/CheckFunctionExists.c.o
/usr/bin/cc   -DCHECK_FUNCTION_EXISTS=shmat   -o CMakeFiles/cmTryCompileExec641015486.dir/CheckFunctionExists.c.o   -c /usr/share/cmake-2.8/Modules/CheckFunctionExists.c
Linking C executable cmTryCompileExec641015486
/usr/bin/cmake -E cmake_link_script CMakeFiles/cmTryCompileExec641015486.dir/link.txt --verbose=1
/usr/bin/cc   -DCHECK_FUNCTION_EXISTS=shmat    CMakeFiles/cmTryCompileExec641015486.dir/CheckFunctionExists.c.o  -o cmTryCompileExec641015486 -rdynamic 
make[1]: quittant le répertoire « /home/myjy/work/modelGeo/sagacious-octo-waddle/TD5-6/build-TD5/CMakeFiles/CMakeTmp »


Determining if the function IceConnectionNumber exists in the ICE passed with the following output:
Change Dir: /home/myjy/work/modelGeo/sagacious-octo-waddle/TD5-6/build-TD5/CMakeFiles/CMakeTmp

Run Build Command:/usr/bin/make "cmTryCompileExec204647835/fast"
/usr/bin/make -f CMakeFiles/cmTryCompileExec204647835.dir/build.make CMakeFiles/cmTryCompileExec204647835.dir/build
make[1]: entrant dans le répertoire « /home/myjy/work/modelGeo/sagacious-octo-waddle/TD5-6/build-TD5/CMakeFiles/CMakeTmp »
/usr/bin/cmake -E cmake_progress_report /home/myjy/work/modelGeo/sagacious-octo-waddle/TD5-6/build-TD5/CMakeFiles/CMakeTmp/CMakeFiles 1
Building C object CMakeFiles/cmTryCompileExec204647835.dir/CheckFunctionExists.c.o
/usr/bin/cc   -DCHECK_FUNCTION_EXISTS=IceConnectionNumber   -o CMakeFiles/cmTryCompileExec204647835.dir/CheckFunctionExists.c.o   -c /usr/share/cmake-2.8/Modules/CheckFunctionExists.c
Linking C executable cmTryCompileExec204647835
/usr/bin/cmake -E cmake_link_script CMakeFiles/cmTryCompileExec204647835.dir/link.txt --verbose=1
/usr/bin/cc   -DCHECK_FUNCTION_EXISTS=IceConnectionNumber    CMakeFiles/cmTryCompileExec204647835.dir/CheckFunctionExists.c.o  -o cmTryCompileExec204647835 -rdynamic -lICE 
make[1]: quittant le répertoire « /home/myjy/work/modelGeo/sagacious-octo-waddle/TD5-6/build-TD5/CMakeFiles/CMakeTmp »


Determining if files pthread.h exist passed with the following output:
Change Dir: /home/myjy/work/modelGeo/sagacious-octo-waddle/TD5-6/build-TD5/CMakeFiles/CMakeTmp

Run Build Command:/usr/bin/make "cmTryCompileExec3517176690/fast"
/usr/bin/make -f CMakeFiles/cmTryCompileExec3517176690.dir/build.make CMakeFiles/cmTryCompileExec3517176690.dir/build
make[1]: entrant dans le répertoire « /home/myjy/work/modelGeo/sagacious-octo-waddle/TD5-6/build-TD5/CMakeFiles/CMakeTmp »
/usr/bin/cmake -E cmake_progress_report /home/myjy/work/modelGeo/sagacious-octo-waddle/TD5-6/build-TD5/CMakeFiles/CMakeTmp/CMakeFiles 1
Building C object CMakeFiles/cmTryCompileExec3517176690.dir/CheckIncludeFiles.c.o
/usr/bin/cc    -o CMakeFiles/cmTryCompileExec3517176690.dir/CheckIncludeFiles.c.o   -c /home/myjy/work/modelGeo/sagacious-octo-waddle/TD5-6/build-TD5/CMakeFiles/CMakeTmp/CheckIncludeFiles.c
Linking C executable cmTryCompileExec3517176690
/usr/bin/cmake -E cmake_link_script CMakeFiles/cmTryCompileExec3517176690.dir/link.txt --verbose=1
/usr/bin/cc       CMakeFiles/cmTryCompileExec3517176690.dir/CheckIncludeFiles.c.o  -o cmTryCompileExec3517176690 -rdynamic 
make[1]: quittant le répertoire « /home/myjy/work/modelGeo/sagacious-octo-waddle/TD5-6/build-TD5/CMakeFiles/CMakeTmp »


Determining if the function pthread_create exists in the pthread passed with the following output:
Change Dir: /home/myjy/work/modelGeo/sagacious-octo-waddle/TD5-6/build-TD5/CMakeFiles/CMakeTmp

Run Build Command:/usr/bin/make "cmTryCompileExec1654095772/fast"
/usr/bin/make -f CMakeFiles/cmTryCompileExec1654095772.dir/build.make CMakeFiles/cmTryCompileExec1654095772.dir/build
make[1]: entrant dans le répertoire « /home/myjy/work/modelGeo/sagacious-octo-waddle/TD5-6/build-TD5/CMakeFiles/CMakeTmp »
/usr/bin/cmake -E cmake_progress_report /home/myjy/work/modelGeo/sagacious-octo-waddle/TD5-6/build-TD5/CMakeFiles/CMakeTmp/CMakeFiles 1
Building C object CMakeFiles/cmTryCompileExec1654095772.dir/CheckFunctionExists.c.o
/usr/bin/cc   -DCHECK_FUNCTION_EXISTS=pthread_create   -o CMakeFiles/cmTryCompileExec1654095772.dir/CheckFunctionExists.c.o   -c /usr/share/cmake-2.8/Modules/CheckFunctionExists.c
Linking C executable cmTryCompileExec1654095772
/usr/bin/cmake -E cmake_link_script CMakeFiles/cmTryCompileExec1654095772.dir/link.txt --verbose=1
/usr/bin/cc   -DCHECK_FUNCTION_EXISTS=pthread_create    CMakeFiles/cmTryCompileExec1654095772.dir/CheckFunctionExists.c.o  -o cmTryCompileExec1654095772 -rdynamic -lpthread 
make[1]: quittant le répertoire « /home/myjy/work/modelGeo/sagacious-octo-waddle/TD5-6/build-TD5/CMakeFiles/CMakeTmp »


Determining if the function glXGetProcAddress exists passed with the following output:
Change Dir: /home/myjy/work/modelGeo/sagacious-octo-waddle/TD5-6/build-TD5/CMakeFiles/CMakeTmp

Run Build Command:/usr/bin/make "cmTryCompileExec1903064400/fast"
/usr/bin/make -f CMakeFiles/cmTryCompileExec1903064400.dir/build.make CMakeFiles/cmTryCompileExec1903064400.dir/build
make[1]: entrant dans le répertoire « /home/myjy/work/modelGeo/sagacious-octo-waddle/TD5-6/build-TD5/CMakeFiles/CMakeTmp »
/usr/bin/cmake -E cmake_progress_report /home/myjy/work/modelGeo/sagacious-octo-waddle/TD5-6/build-TD5/CMakeFiles/CMakeTmp/CMakeFiles 1
Building C object CMakeFiles/cmTryCompileExec1903064400.dir/CheckFunctionExists.c.o
/usr/bin/cc   -DCHECK_FUNCTION_EXISTS=glXGetProcAddress   -o CMakeFiles/cmTryCompileExec1903064400.dir/CheckFunctionExists.c.o   -c /usr/share/cmake-2.8/Modules/CheckFunctionExists.c
Linking C executable cmTryCompileExec1903064400
/usr/bin/cmake -E cmake_link_script CMakeFiles/cmTryCompileExec1903064400.dir/link.txt --verbose=1
/usr/bin/cc   -DCHECK_FUNCTION_EXISTS=glXGetProcAddress    CMakeFiles/cmTryCompileExec1903064400.dir/CheckFunctionExists.c.o  -o cmTryCompileExec1903064400 -rdynamic -lGL 
make[1]: quittant le répertoire « /home/myjy/work/modelGeo/sagacious-octo-waddle/TD5-6/build-TD5/CMakeFiles/CMakeTmp »


Determining if the function glXGetProcAddressARB exists passed with the following output:
Change Dir: /home/myjy/work/modelGeo/sagacious-octo-waddle/TD5-6/build-TD5/CMakeFiles/CMakeTmp

Run Build Command:/usr/bin/make "cmTryCompileExec3654212725/fast"
/usr/bin/make -f CMakeFiles/cmTryCompileExec3654212725.dir/build.make CMakeFiles/cmTryCompileExec3654212725.dir/build
make[1]: entrant dans le répertoire « /home/myjy/work/modelGeo/sagacious-octo-waddle/TD5-6/build-TD5/CMakeFiles/CMakeTmp »
/usr/bin/cmake -E cmake_progress_report /home/myjy/work/modelGeo/sagacious-octo-waddle/TD5-6/build-TD5/CMakeFiles/CMakeTmp/CMakeFiles 1
Building C object CMakeFiles/cmTryCompileExec3654212725.dir/CheckFunctionExists.c.o
/usr/bin/cc   -DCHECK_FUNCTION_EXISTS=glXGetProcAddressARB   -o CMakeFiles/cmTryCompileExec3654212725.dir/CheckFunctionExists.c.o   -c /usr/share/cmake-2.8/Modules/CheckFunctionExists.c
Linking C executable cmTryCompileExec3654212725
/usr/bin/cmake -E cmake_link_script CMakeFiles/cmTryCompileExec3654212725.dir/link.txt --verbose=1
/usr/bin/cc   -DCHECK_FUNCTION_EXISTS=glXGetProcAddressARB    CMakeFiles/cmTryCompileExec3654212725.dir/CheckFunctionExists.c.o  -o cmTryCompileExec3654212725 -rdynamic -lGL 
make[1]: quittant le répertoire « /home/myjy/work/modelGeo/sagacious-octo-waddle/TD5-6/build-TD5/CMakeFiles/CMakeTmp »


