The system is: Linux - 3.13.0-65-generic - x86_64
Compiling the C compiler identification source file "CMakeCCompilerId.c" succeeded.
Compiler: /usr/bin/cc 
Build flags: 
Id flags: 

The output was:
0


Compilation of the C compiler identification source "CMakeCCompilerId.c" produced "a.out"

The C compiler identification is GNU, found in "/home/myjy/work/modelGeo/sagacious-octo-waddle/build-surface_reconstruction/CMakeFiles/2.8.12.2/CompilerIdC/a.out"

Compiling the CXX compiler identification source file "CMakeCXXCompilerId.cpp" succeeded.
Compiler: /usr/bin/c++ 
Build flags: 
Id flags: 

The output was:
0


Compilation of the CXX compiler identification source "CMakeCXXCompilerId.cpp" produced "a.out"

The CXX compiler identification is GNU, found in "/home/myjy/work/modelGeo/sagacious-octo-waddle/build-surface_reconstruction/CMakeFiles/2.8.12.2/CompilerIdCXX/a.out"

Determining if the C compiler works passed with the following output:
Change Dir: /home/myjy/work/modelGeo/sagacious-octo-waddle/build-surface_reconstruction/CMakeFiles/CMakeTmp

Run Build Command:/usr/bin/make "cmTryCompileExec1694956140/fast"
/usr/bin/make -f CMakeFiles/cmTryCompileExec1694956140.dir/build.make CMakeFiles/cmTryCompileExec1694956140.dir/build
make[1]: entrant dans le répertoire « /home/myjy/work/modelGeo/sagacious-octo-waddle/build-surface_reconstruction/CMakeFiles/CMakeTmp »
/usr/bin/cmake -E cmake_progress_report /home/myjy/work/modelGeo/sagacious-octo-waddle/build-surface_reconstruction/CMakeFiles/CMakeTmp/CMakeFiles 1
Building C object CMakeFiles/cmTryCompileExec1694956140.dir/testCCompiler.c.o
/usr/bin/cc    -o CMakeFiles/cmTryCompileExec1694956140.dir/testCCompiler.c.o   -c /home/myjy/work/modelGeo/sagacious-octo-waddle/build-surface_reconstruction/CMakeFiles/CMakeTmp/testCCompiler.c
Linking C executable cmTryCompileExec1694956140
/usr/bin/cmake -E cmake_link_script CMakeFiles/cmTryCompileExec1694956140.dir/link.txt --verbose=1
/usr/bin/cc       CMakeFiles/cmTryCompileExec1694956140.dir/testCCompiler.c.o  -o cmTryCompileExec1694956140 -rdynamic 
make[1]: quittant le répertoire « /home/myjy/work/modelGeo/sagacious-octo-waddle/build-surface_reconstruction/CMakeFiles/CMakeTmp »


Detecting C compiler ABI info compiled with the following output:
Change Dir: /home/myjy/work/modelGeo/sagacious-octo-waddle/build-surface_reconstruction/CMakeFiles/CMakeTmp

Run Build Command:/usr/bin/make "cmTryCompileExec4021606088/fast"
/usr/bin/make -f CMakeFiles/cmTryCompileExec4021606088.dir/build.make CMakeFiles/cmTryCompileExec4021606088.dir/build
make[1]: entrant dans le répertoire « /home/myjy/work/modelGeo/sagacious-octo-waddle/build-surface_reconstruction/CMakeFiles/CMakeTmp »
/usr/bin/cmake -E cmake_progress_report /home/myjy/work/modelGeo/sagacious-octo-waddle/build-surface_reconstruction/CMakeFiles/CMakeTmp/CMakeFiles 1
Building C object CMakeFiles/cmTryCompileExec4021606088.dir/CMakeCCompilerABI.c.o
/usr/bin/cc    -o CMakeFiles/cmTryCompileExec4021606088.dir/CMakeCCompilerABI.c.o   -c /usr/share/cmake-2.8/Modules/CMakeCCompilerABI.c
Linking C executable cmTryCompileExec4021606088
/usr/bin/cmake -E cmake_link_script CMakeFiles/cmTryCompileExec4021606088.dir/link.txt --verbose=1
/usr/bin/cc     -v CMakeFiles/cmTryCompileExec4021606088.dir/CMakeCCompilerABI.c.o  -o cmTryCompileExec4021606088 -rdynamic  
Using built-in specs.
COLLECT_GCC=/usr/bin/cc
COLLECT_LTO_WRAPPER=/usr/lib/gcc/x86_64-linux-gnu/4.8/lto-wrapper
Target: x86_64-linux-gnu
Configured with: ../src/configure -v --with-pkgversion='Ubuntu 4.8.4-2ubuntu1~14.04' --with-bugurl=file:///usr/share/doc/gcc-4.8/README.Bugs --enable-languages=c,c++,java,go,d,fortran,objc,obj-c++ --prefix=/usr --program-suffix=-4.8 --enable-shared --enable-linker-build-id --libexecdir=/usr/lib --without-included-gettext --enable-threads=posix --with-gxx-include-dir=/usr/include/c++/4.8 --libdir=/usr/lib --enable-nls --with-sysroot=/ --enable-clocale=gnu --enable-libstdcxx-debug --enable-libstdcxx-time=yes --enable-gnu-unique-object --disable-libmudflap --enable-plugin --with-system-zlib --disable-browser-plugin --enable-java-awt=gtk --enable-gtk-cairo --with-java-home=/usr/lib/jvm/java-1.5.0-gcj-4.8-amd64/jre --enable-java-home --with-jvm-root-dir=/usr/lib/jvm/java-1.5.0-gcj-4.8-amd64 --with-jvm-jar-dir=/usr/lib/jvm-exports/java-1.5.0-gcj-4.8-amd64 --with-arch-directory=amd64 --with-ecj-jar=/usr/share/java/eclipse-ecj.jar --enable-objc-gc --enable-multiarch --disable-werror --with-arch-32=i686 --with-abi=m64 --with-multilib-list=m32,m64,mx32 --with-tune=generic --enable-checking=release --build=x86_64-linux-gnu --host=x86_64-linux-gnu --target=x86_64-linux-gnu
Thread model: posix
gcc version 4.8.4 (Ubuntu 4.8.4-2ubuntu1~14.04) 
COMPILER_PATH=/usr/lib/gcc/x86_64-linux-gnu/4.8/:/usr/lib/gcc/x86_64-linux-gnu/4.8/:/usr/lib/gcc/x86_64-linux-gnu/:/usr/lib/gcc/x86_64-linux-gnu/4.8/:/usr/lib/gcc/x86_64-linux-gnu/
LIBRARY_PATH=/usr/lib/gcc/x86_64-linux-gnu/4.8/:/usr/lib/gcc/x86_64-linux-gnu/4.8/../../../x86_64-linux-gnu/:/usr/lib/gcc/x86_64-linux-gnu/4.8/../../../../lib/:/lib/x86_64-linux-gnu/:/lib/../lib/:/usr/lib/x86_64-linux-gnu/:/usr/lib/../lib/:/usr/lib/gcc/x86_64-linux-gnu/4.8/../../../:/lib/:/usr/lib/
COLLECT_GCC_OPTIONS='-v' '-o' 'cmTryCompileExec4021606088' '-rdynamic' '-mtune=generic' '-march=x86-64'
 /usr/lib/gcc/x86_64-linux-gnu/4.8/collect2 --sysroot=/ --build-id --eh-frame-hdr -m elf_x86_64 --hash-style=gnu --as-needed -export-dynamic -dynamic-linker /lib64/ld-linux-x86-64.so.2 -z relro -o cmTryCompileExec4021606088 /usr/lib/gcc/x86_64-linux-gnu/4.8/../../../x86_64-linux-gnu/crt1.o /usr/lib/gcc/x86_64-linux-gnu/4.8/../../../x86_64-linux-gnu/crti.o /usr/lib/gcc/x86_64-linux-gnu/4.8/crtbegin.o -L/usr/lib/gcc/x86_64-linux-gnu/4.8 -L/usr/lib/gcc/x86_64-linux-gnu/4.8/../../../x86_64-linux-gnu -L/usr/lib/gcc/x86_64-linux-gnu/4.8/../../../../lib -L/lib/x86_64-linux-gnu -L/lib/../lib -L/usr/lib/x86_64-linux-gnu -L/usr/lib/../lib -L/usr/lib/gcc/x86_64-linux-gnu/4.8/../../.. CMakeFiles/cmTryCompileExec4021606088.dir/CMakeCCompilerABI.c.o -lgcc --as-needed -lgcc_s --no-as-needed -lc -lgcc --as-needed -lgcc_s --no-as-needed /usr/lib/gcc/x86_64-linux-gnu/4.8/crtend.o /usr/lib/gcc/x86_64-linux-gnu/4.8/../../../x86_64-linux-gnu/crtn.o
make[1]: quittant le répertoire « /home/myjy/work/modelGeo/sagacious-octo-waddle/build-surface_reconstruction/CMakeFiles/CMakeTmp »


Parsed C implicit link information from above output:
  link line regex: [^( *|.*[/\])(ld|([^/\]+-)?ld|collect2)[^/\]*( |$)]
  ignore line: [Change Dir: /home/myjy/work/modelGeo/sagacious-octo-waddle/build-surface_reconstruction/CMakeFiles/CMakeTmp]
  ignore line: []
  ignore line: [Run Build Command:/usr/bin/make "cmTryCompileExec4021606088/fast"]
  ignore line: [/usr/bin/make -f CMakeFiles/cmTryCompileExec4021606088.dir/build.make CMakeFiles/cmTryCompileExec4021606088.dir/build]
  ignore line: [make[1]: entrant dans le répertoire « /home/myjy/work/modelGeo/sagacious-octo-waddle/build-surface_reconstruction/CMakeFiles/CMakeTmp »]
  ignore line: [/usr/bin/cmake -E cmake_progress_report /home/myjy/work/modelGeo/sagacious-octo-waddle/build-surface_reconstruction/CMakeFiles/CMakeTmp/CMakeFiles 1]
  ignore line: [Building C object CMakeFiles/cmTryCompileExec4021606088.dir/CMakeCCompilerABI.c.o]
  ignore line: [/usr/bin/cc    -o CMakeFiles/cmTryCompileExec4021606088.dir/CMakeCCompilerABI.c.o   -c /usr/share/cmake-2.8/Modules/CMakeCCompilerABI.c]
  ignore line: [Linking C executable cmTryCompileExec4021606088]
  ignore line: [/usr/bin/cmake -E cmake_link_script CMakeFiles/cmTryCompileExec4021606088.dir/link.txt --verbose=1]
  ignore line: [/usr/bin/cc     -v CMakeFiles/cmTryCompileExec4021606088.dir/CMakeCCompilerABI.c.o  -o cmTryCompileExec4021606088 -rdynamic  ]
  ignore line: [Using built-in specs.]
  ignore line: [COLLECT_GCC=/usr/bin/cc]
  ignore line: [COLLECT_LTO_WRAPPER=/usr/lib/gcc/x86_64-linux-gnu/4.8/lto-wrapper]
  ignore line: [Target: x86_64-linux-gnu]
  ignore line: [Configured with: ../src/configure -v --with-pkgversion='Ubuntu 4.8.4-2ubuntu1~14.04' --with-bugurl=file:///usr/share/doc/gcc-4.8/README.Bugs --enable-languages=c,c++,java,go,d,fortran,objc,obj-c++ --prefix=/usr --program-suffix=-4.8 --enable-shared --enable-linker-build-id --libexecdir=/usr/lib --without-included-gettext --enable-threads=posix --with-gxx-include-dir=/usr/include/c++/4.8 --libdir=/usr/lib --enable-nls --with-sysroot=/ --enable-clocale=gnu --enable-libstdcxx-debug --enable-libstdcxx-time=yes --enable-gnu-unique-object --disable-libmudflap --enable-plugin --with-system-zlib --disable-browser-plugin --enable-java-awt=gtk --enable-gtk-cairo --with-java-home=/usr/lib/jvm/java-1.5.0-gcj-4.8-amd64/jre --enable-java-home --with-jvm-root-dir=/usr/lib/jvm/java-1.5.0-gcj-4.8-amd64 --with-jvm-jar-dir=/usr/lib/jvm-exports/java-1.5.0-gcj-4.8-amd64 --with-arch-directory=amd64 --with-ecj-jar=/usr/share/java/eclipse-ecj.jar --enable-objc-gc --enable-multiarch --disable-werror --with-arch-32=i686 --with-abi=m64 --with-multilib-list=m32,m64,mx32 --with-tune=generic --enable-checking=release --build=x86_64-linux-gnu --host=x86_64-linux-gnu --target=x86_64-linux-gnu]
  ignore line: [Thread model: posix]
  ignore line: [gcc version 4.8.4 (Ubuntu 4.8.4-2ubuntu1~14.04) ]
  ignore line: [COMPILER_PATH=/usr/lib/gcc/x86_64-linux-gnu/4.8/:/usr/lib/gcc/x86_64-linux-gnu/4.8/:/usr/lib/gcc/x86_64-linux-gnu/:/usr/lib/gcc/x86_64-linux-gnu/4.8/:/usr/lib/gcc/x86_64-linux-gnu/]
  ignore line: [LIBRARY_PATH=/usr/lib/gcc/x86_64-linux-gnu/4.8/:/usr/lib/gcc/x86_64-linux-gnu/4.8/../../../x86_64-linux-gnu/:/usr/lib/gcc/x86_64-linux-gnu/4.8/../../../../lib/:/lib/x86_64-linux-gnu/:/lib/../lib/:/usr/lib/x86_64-linux-gnu/:/usr/lib/../lib/:/usr/lib/gcc/x86_64-linux-gnu/4.8/../../../:/lib/:/usr/lib/]
  ignore line: [COLLECT_GCC_OPTIONS='-v' '-o' 'cmTryCompileExec4021606088' '-rdynamic' '-mtune=generic' '-march=x86-64']
  link line: [ /usr/lib/gcc/x86_64-linux-gnu/4.8/collect2 --sysroot=/ --build-id --eh-frame-hdr -m elf_x86_64 --hash-style=gnu --as-needed -export-dynamic -dynamic-linker /lib64/ld-linux-x86-64.so.2 -z relro -o cmTryCompileExec4021606088 /usr/lib/gcc/x86_64-linux-gnu/4.8/../../../x86_64-linux-gnu/crt1.o /usr/lib/gcc/x86_64-linux-gnu/4.8/../../../x86_64-linux-gnu/crti.o /usr/lib/gcc/x86_64-linux-gnu/4.8/crtbegin.o -L/usr/lib/gcc/x86_64-linux-gnu/4.8 -L/usr/lib/gcc/x86_64-linux-gnu/4.8/../../../x86_64-linux-gnu -L/usr/lib/gcc/x86_64-linux-gnu/4.8/../../../../lib -L/lib/x86_64-linux-gnu -L/lib/../lib -L/usr/lib/x86_64-linux-gnu -L/usr/lib/../lib -L/usr/lib/gcc/x86_64-linux-gnu/4.8/../../.. CMakeFiles/cmTryCompileExec4021606088.dir/CMakeCCompilerABI.c.o -lgcc --as-needed -lgcc_s --no-as-needed -lc -lgcc --as-needed -lgcc_s --no-as-needed /usr/lib/gcc/x86_64-linux-gnu/4.8/crtend.o /usr/lib/gcc/x86_64-linux-gnu/4.8/../../../x86_64-linux-gnu/crtn.o]
    arg [/usr/lib/gcc/x86_64-linux-gnu/4.8/collect2] ==> ignore
    arg [--sysroot=/] ==> ignore
    arg [--build-id] ==> ignore
    arg [--eh-frame-hdr] ==> ignore
    arg [-m] ==> ignore
    arg [elf_x86_64] ==> ignore
    arg [--hash-style=gnu] ==> ignore
    arg [--as-needed] ==> ignore
    arg [-export-dynamic] ==> ignore
    arg [-dynamic-linker] ==> ignore
    arg [/lib64/ld-linux-x86-64.so.2] ==> ignore
    arg [-zrelro] ==> ignore
    arg [-o] ==> ignore
    arg [cmTryCompileExec4021606088] ==> ignore
    arg [/usr/lib/gcc/x86_64-linux-gnu/4.8/../../../x86_64-linux-gnu/crt1.o] ==> ignore
    arg [/usr/lib/gcc/x86_64-linux-gnu/4.8/../../../x86_64-linux-gnu/crti.o] ==> ignore
    arg [/usr/lib/gcc/x86_64-linux-gnu/4.8/crtbegin.o] ==> ignore
    arg [-L/usr/lib/gcc/x86_64-linux-gnu/4.8] ==> dir [/usr/lib/gcc/x86_64-linux-gnu/4.8]
    arg [-L/usr/lib/gcc/x86_64-linux-gnu/4.8/../../../x86_64-linux-gnu] ==> dir [/usr/lib/gcc/x86_64-linux-gnu/4.8/../../../x86_64-linux-gnu]
    arg [-L/usr/lib/gcc/x86_64-linux-gnu/4.8/../../../../lib] ==> dir [/usr/lib/gcc/x86_64-linux-gnu/4.8/../../../../lib]
    arg [-L/lib/x86_64-linux-gnu] ==> dir [/lib/x86_64-linux-gnu]
    arg [-L/lib/../lib] ==> dir [/lib/../lib]
    arg [-L/usr/lib/x86_64-linux-gnu] ==> dir [/usr/lib/x86_64-linux-gnu]
    arg [-L/usr/lib/../lib] ==> dir [/usr/lib/../lib]
    arg [-L/usr/lib/gcc/x86_64-linux-gnu/4.8/../../..] ==> dir [/usr/lib/gcc/x86_64-linux-gnu/4.8/../../..]
    arg [CMakeFiles/cmTryCompileExec4021606088.dir/CMakeCCompilerABI.c.o] ==> ignore
    arg [-lgcc] ==> lib [gcc]
    arg [--as-needed] ==> ignore
    arg [-lgcc_s] ==> lib [gcc_s]
    arg [--no-as-needed] ==> ignore
    arg [-lc] ==> lib [c]
    arg [-lgcc] ==> lib [gcc]
    arg [--as-needed] ==> ignore
    arg [-lgcc_s] ==> lib [gcc_s]
    arg [--no-as-needed] ==> ignore
    arg [/usr/lib/gcc/x86_64-linux-gnu/4.8/crtend.o] ==> ignore
    arg [/usr/lib/gcc/x86_64-linux-gnu/4.8/../../../x86_64-linux-gnu/crtn.o] ==> ignore
  remove lib [gcc]
  remove lib [gcc_s]
  remove lib [gcc]
  remove lib [gcc_s]
  collapse library dir [/usr/lib/gcc/x86_64-linux-gnu/4.8] ==> [/usr/lib/gcc/x86_64-linux-gnu/4.8]
  collapse library dir [/usr/lib/gcc/x86_64-linux-gnu/4.8/../../../x86_64-linux-gnu] ==> [/usr/lib/x86_64-linux-gnu]
  collapse library dir [/usr/lib/gcc/x86_64-linux-gnu/4.8/../../../../lib] ==> [/usr/lib]
  collapse library dir [/lib/x86_64-linux-gnu] ==> [/lib/x86_64-linux-gnu]
  collapse library dir [/lib/../lib] ==> [/lib]
  collapse library dir [/usr/lib/x86_64-linux-gnu] ==> [/usr/lib/x86_64-linux-gnu]
  collapse library dir [/usr/lib/../lib] ==> [/usr/lib]
  collapse library dir [/usr/lib/gcc/x86_64-linux-gnu/4.8/../../..] ==> [/usr/lib]
  implicit libs: [c]
  implicit dirs: [/usr/lib/gcc/x86_64-linux-gnu/4.8;/usr/lib/x86_64-linux-gnu;/usr/lib;/lib/x86_64-linux-gnu;/lib]
  implicit fwks: []


Determining if the CXX compiler works passed with the following output:
Change Dir: /home/myjy/work/modelGeo/sagacious-octo-waddle/build-surface_reconstruction/CMakeFiles/CMakeTmp

Run Build Command:/usr/bin/make "cmTryCompileExec3612841757/fast"
/usr/bin/make -f CMakeFiles/cmTryCompileExec3612841757.dir/build.make CMakeFiles/cmTryCompileExec3612841757.dir/build
make[1]: entrant dans le répertoire « /home/myjy/work/modelGeo/sagacious-octo-waddle/build-surface_reconstruction/CMakeFiles/CMakeTmp »
/usr/bin/cmake -E cmake_progress_report /home/myjy/work/modelGeo/sagacious-octo-waddle/build-surface_reconstruction/CMakeFiles/CMakeTmp/CMakeFiles 1
Building CXX object CMakeFiles/cmTryCompileExec3612841757.dir/testCXXCompiler.cxx.o
/usr/bin/c++     -o CMakeFiles/cmTryCompileExec3612841757.dir/testCXXCompiler.cxx.o -c /home/myjy/work/modelGeo/sagacious-octo-waddle/build-surface_reconstruction/CMakeFiles/CMakeTmp/testCXXCompiler.cxx
Linking CXX executable cmTryCompileExec3612841757
/usr/bin/cmake -E cmake_link_script CMakeFiles/cmTryCompileExec3612841757.dir/link.txt --verbose=1
/usr/bin/c++        CMakeFiles/cmTryCompileExec3612841757.dir/testCXXCompiler.cxx.o  -o cmTryCompileExec3612841757 -rdynamic 
make[1]: quittant le répertoire « /home/myjy/work/modelGeo/sagacious-octo-waddle/build-surface_reconstruction/CMakeFiles/CMakeTmp »


Detecting CXX compiler ABI info compiled with the following output:
Change Dir: /home/myjy/work/modelGeo/sagacious-octo-waddle/build-surface_reconstruction/CMakeFiles/CMakeTmp

Run Build Command:/usr/bin/make "cmTryCompileExec3316130155/fast"
/usr/bin/make -f CMakeFiles/cmTryCompileExec3316130155.dir/build.make CMakeFiles/cmTryCompileExec3316130155.dir/build
make[1]: entrant dans le répertoire « /home/myjy/work/modelGeo/sagacious-octo-waddle/build-surface_reconstruction/CMakeFiles/CMakeTmp »
/usr/bin/cmake -E cmake_progress_report /home/myjy/work/modelGeo/sagacious-octo-waddle/build-surface_reconstruction/CMakeFiles/CMakeTmp/CMakeFiles 1
Building CXX object CMakeFiles/cmTryCompileExec3316130155.dir/CMakeCXXCompilerABI.cpp.o
/usr/bin/c++     -o CMakeFiles/cmTryCompileExec3316130155.dir/CMakeCXXCompilerABI.cpp.o -c /usr/share/cmake-2.8/Modules/CMakeCXXCompilerABI.cpp
Linking CXX executable cmTryCompileExec3316130155
/usr/bin/cmake -E cmake_link_script CMakeFiles/cmTryCompileExec3316130155.dir/link.txt --verbose=1
/usr/bin/c++      -v CMakeFiles/cmTryCompileExec3316130155.dir/CMakeCXXCompilerABI.cpp.o  -o cmTryCompileExec3316130155 -rdynamic  
Using built-in specs.
COLLECT_GCC=/usr/bin/c++
COLLECT_LTO_WRAPPER=/usr/lib/gcc/x86_64-linux-gnu/4.8/lto-wrapper
Target: x86_64-linux-gnu
Configured with: ../src/configure -v --with-pkgversion='Ubuntu 4.8.4-2ubuntu1~14.04' --with-bugurl=file:///usr/share/doc/gcc-4.8/README.Bugs --enable-languages=c,c++,java,go,d,fortran,objc,obj-c++ --prefix=/usr --program-suffix=-4.8 --enable-shared --enable-linker-build-id --libexecdir=/usr/lib --without-included-gettext --enable-threads=posix --with-gxx-include-dir=/usr/include/c++/4.8 --libdir=/usr/lib --enable-nls --with-sysroot=/ --enable-clocale=gnu --enable-libstdcxx-debug --enable-libstdcxx-time=yes --enable-gnu-unique-object --disable-libmudflap --enable-plugin --with-system-zlib --disable-browser-plugin --enable-java-awt=gtk --enable-gtk-cairo --with-java-home=/usr/lib/jvm/java-1.5.0-gcj-4.8-amd64/jre --enable-java-home --with-jvm-root-dir=/usr/lib/jvm/java-1.5.0-gcj-4.8-amd64 --with-jvm-jar-dir=/usr/lib/jvm-exports/java-1.5.0-gcj-4.8-amd64 --with-arch-directory=amd64 --with-ecj-jar=/usr/share/java/eclipse-ecj.jar --enable-objc-gc --enable-multiarch --disable-werror --with-arch-32=i686 --with-abi=m64 --with-multilib-list=m32,m64,mx32 --with-tune=generic --enable-checking=release --build=x86_64-linux-gnu --host=x86_64-linux-gnu --target=x86_64-linux-gnu
Thread model: posix
gcc version 4.8.4 (Ubuntu 4.8.4-2ubuntu1~14.04) 
COMPILER_PATH=/usr/lib/gcc/x86_64-linux-gnu/4.8/:/usr/lib/gcc/x86_64-linux-gnu/4.8/:/usr/lib/gcc/x86_64-linux-gnu/:/usr/lib/gcc/x86_64-linux-gnu/4.8/:/usr/lib/gcc/x86_64-linux-gnu/
LIBRARY_PATH=/usr/lib/gcc/x86_64-linux-gnu/4.8/:/usr/lib/gcc/x86_64-linux-gnu/4.8/../../../x86_64-linux-gnu/:/usr/lib/gcc/x86_64-linux-gnu/4.8/../../../../lib/:/lib/x86_64-linux-gnu/:/lib/../lib/:/usr/lib/x86_64-linux-gnu/:/usr/lib/../lib/:/usr/lib/gcc/x86_64-linux-gnu/4.8/../../../:/lib/:/usr/lib/
COLLECT_GCC_OPTIONS='-v' '-o' 'cmTryCompileExec3316130155' '-rdynamic' '-shared-libgcc' '-mtune=generic' '-march=x86-64'
 /usr/lib/gcc/x86_64-linux-gnu/4.8/collect2 --sysroot=/ --build-id --eh-frame-hdr -m elf_x86_64 --hash-style=gnu --as-needed -export-dynamic -dynamic-linker /lib64/ld-linux-x86-64.so.2 -z relro -o cmTryCompileExec3316130155 /usr/lib/gcc/x86_64-linux-gnu/4.8/../../../x86_64-linux-gnu/crt1.o /usr/lib/gcc/x86_64-linux-gnu/4.8/../../../x86_64-linux-gnu/crti.o /usr/lib/gcc/x86_64-linux-gnu/4.8/crtbegin.o -L/usr/lib/gcc/x86_64-linux-gnu/4.8 -L/usr/lib/gcc/x86_64-linux-gnu/4.8/../../../x86_64-linux-gnu -L/usr/lib/gcc/x86_64-linux-gnu/4.8/../../../../lib -L/lib/x86_64-linux-gnu -L/lib/../lib -L/usr/lib/x86_64-linux-gnu -L/usr/lib/../lib -L/usr/lib/gcc/x86_64-linux-gnu/4.8/../../.. CMakeFiles/cmTryCompileExec3316130155.dir/CMakeCXXCompilerABI.cpp.o -lstdc++ -lm -lgcc_s -lgcc -lc -lgcc_s -lgcc /usr/lib/gcc/x86_64-linux-gnu/4.8/crtend.o /usr/lib/gcc/x86_64-linux-gnu/4.8/../../../x86_64-linux-gnu/crtn.o
make[1]: quittant le répertoire « /home/myjy/work/modelGeo/sagacious-octo-waddle/build-surface_reconstruction/CMakeFiles/CMakeTmp »


Parsed CXX implicit link information from above output:
  link line regex: [^( *|.*[/\])(ld|([^/\]+-)?ld|collect2)[^/\]*( |$)]
  ignore line: [Change Dir: /home/myjy/work/modelGeo/sagacious-octo-waddle/build-surface_reconstruction/CMakeFiles/CMakeTmp]
  ignore line: []
  ignore line: [Run Build Command:/usr/bin/make "cmTryCompileExec3316130155/fast"]
  ignore line: [/usr/bin/make -f CMakeFiles/cmTryCompileExec3316130155.dir/build.make CMakeFiles/cmTryCompileExec3316130155.dir/build]
  ignore line: [make[1]: entrant dans le répertoire « /home/myjy/work/modelGeo/sagacious-octo-waddle/build-surface_reconstruction/CMakeFiles/CMakeTmp »]
  ignore line: [/usr/bin/cmake -E cmake_progress_report /home/myjy/work/modelGeo/sagacious-octo-waddle/build-surface_reconstruction/CMakeFiles/CMakeTmp/CMakeFiles 1]
  ignore line: [Building CXX object CMakeFiles/cmTryCompileExec3316130155.dir/CMakeCXXCompilerABI.cpp.o]
  ignore line: [/usr/bin/c++     -o CMakeFiles/cmTryCompileExec3316130155.dir/CMakeCXXCompilerABI.cpp.o -c /usr/share/cmake-2.8/Modules/CMakeCXXCompilerABI.cpp]
  ignore line: [Linking CXX executable cmTryCompileExec3316130155]
  ignore line: [/usr/bin/cmake -E cmake_link_script CMakeFiles/cmTryCompileExec3316130155.dir/link.txt --verbose=1]
  ignore line: [/usr/bin/c++      -v CMakeFiles/cmTryCompileExec3316130155.dir/CMakeCXXCompilerABI.cpp.o  -o cmTryCompileExec3316130155 -rdynamic  ]
  ignore line: [Using built-in specs.]
  ignore line: [COLLECT_GCC=/usr/bin/c++]
  ignore line: [COLLECT_LTO_WRAPPER=/usr/lib/gcc/x86_64-linux-gnu/4.8/lto-wrapper]
  ignore line: [Target: x86_64-linux-gnu]
  ignore line: [Configured with: ../src/configure -v --with-pkgversion='Ubuntu 4.8.4-2ubuntu1~14.04' --with-bugurl=file:///usr/share/doc/gcc-4.8/README.Bugs --enable-languages=c,c++,java,go,d,fortran,objc,obj-c++ --prefix=/usr --program-suffix=-4.8 --enable-shared --enable-linker-build-id --libexecdir=/usr/lib --without-included-gettext --enable-threads=posix --with-gxx-include-dir=/usr/include/c++/4.8 --libdir=/usr/lib --enable-nls --with-sysroot=/ --enable-clocale=gnu --enable-libstdcxx-debug --enable-libstdcxx-time=yes --enable-gnu-unique-object --disable-libmudflap --enable-plugin --with-system-zlib --disable-browser-plugin --enable-java-awt=gtk --enable-gtk-cairo --with-java-home=/usr/lib/jvm/java-1.5.0-gcj-4.8-amd64/jre --enable-java-home --with-jvm-root-dir=/usr/lib/jvm/java-1.5.0-gcj-4.8-amd64 --with-jvm-jar-dir=/usr/lib/jvm-exports/java-1.5.0-gcj-4.8-amd64 --with-arch-directory=amd64 --with-ecj-jar=/usr/share/java/eclipse-ecj.jar --enable-objc-gc --enable-multiarch --disable-werror --with-arch-32=i686 --with-abi=m64 --with-multilib-list=m32,m64,mx32 --with-tune=generic --enable-checking=release --build=x86_64-linux-gnu --host=x86_64-linux-gnu --target=x86_64-linux-gnu]
  ignore line: [Thread model: posix]
  ignore line: [gcc version 4.8.4 (Ubuntu 4.8.4-2ubuntu1~14.04) ]
  ignore line: [COMPILER_PATH=/usr/lib/gcc/x86_64-linux-gnu/4.8/:/usr/lib/gcc/x86_64-linux-gnu/4.8/:/usr/lib/gcc/x86_64-linux-gnu/:/usr/lib/gcc/x86_64-linux-gnu/4.8/:/usr/lib/gcc/x86_64-linux-gnu/]
  ignore line: [LIBRARY_PATH=/usr/lib/gcc/x86_64-linux-gnu/4.8/:/usr/lib/gcc/x86_64-linux-gnu/4.8/../../../x86_64-linux-gnu/:/usr/lib/gcc/x86_64-linux-gnu/4.8/../../../../lib/:/lib/x86_64-linux-gnu/:/lib/../lib/:/usr/lib/x86_64-linux-gnu/:/usr/lib/../lib/:/usr/lib/gcc/x86_64-linux-gnu/4.8/../../../:/lib/:/usr/lib/]
  ignore line: [COLLECT_GCC_OPTIONS='-v' '-o' 'cmTryCompileExec3316130155' '-rdynamic' '-shared-libgcc' '-mtune=generic' '-march=x86-64']
  link line: [ /usr/lib/gcc/x86_64-linux-gnu/4.8/collect2 --sysroot=/ --build-id --eh-frame-hdr -m elf_x86_64 --hash-style=gnu --as-needed -export-dynamic -dynamic-linker /lib64/ld-linux-x86-64.so.2 -z relro -o cmTryCompileExec3316130155 /usr/lib/gcc/x86_64-linux-gnu/4.8/../../../x86_64-linux-gnu/crt1.o /usr/lib/gcc/x86_64-linux-gnu/4.8/../../../x86_64-linux-gnu/crti.o /usr/lib/gcc/x86_64-linux-gnu/4.8/crtbegin.o -L/usr/lib/gcc/x86_64-linux-gnu/4.8 -L/usr/lib/gcc/x86_64-linux-gnu/4.8/../../../x86_64-linux-gnu -L/usr/lib/gcc/x86_64-linux-gnu/4.8/../../../../lib -L/lib/x86_64-linux-gnu -L/lib/../lib -L/usr/lib/x86_64-linux-gnu -L/usr/lib/../lib -L/usr/lib/gcc/x86_64-linux-gnu/4.8/../../.. CMakeFiles/cmTryCompileExec3316130155.dir/CMakeCXXCompilerABI.cpp.o -lstdc++ -lm -lgcc_s -lgcc -lc -lgcc_s -lgcc /usr/lib/gcc/x86_64-linux-gnu/4.8/crtend.o /usr/lib/gcc/x86_64-linux-gnu/4.8/../../../x86_64-linux-gnu/crtn.o]
    arg [/usr/lib/gcc/x86_64-linux-gnu/4.8/collect2] ==> ignore
    arg [--sysroot=/] ==> ignore
    arg [--build-id] ==> ignore
    arg [--eh-frame-hdr] ==> ignore
    arg [-m] ==> ignore
    arg [elf_x86_64] ==> ignore
    arg [--hash-style=gnu] ==> ignore
    arg [--as-needed] ==> ignore
    arg [-export-dynamic] ==> ignore
    arg [-dynamic-linker] ==> ignore
    arg [/lib64/ld-linux-x86-64.so.2] ==> ignore
    arg [-zrelro] ==> ignore
    arg [-o] ==> ignore
    arg [cmTryCompileExec3316130155] ==> ignore
    arg [/usr/lib/gcc/x86_64-linux-gnu/4.8/../../../x86_64-linux-gnu/crt1.o] ==> ignore
    arg [/usr/lib/gcc/x86_64-linux-gnu/4.8/../../../x86_64-linux-gnu/crti.o] ==> ignore
    arg [/usr/lib/gcc/x86_64-linux-gnu/4.8/crtbegin.o] ==> ignore
    arg [-L/usr/lib/gcc/x86_64-linux-gnu/4.8] ==> dir [/usr/lib/gcc/x86_64-linux-gnu/4.8]
    arg [-L/usr/lib/gcc/x86_64-linux-gnu/4.8/../../../x86_64-linux-gnu] ==> dir [/usr/lib/gcc/x86_64-linux-gnu/4.8/../../../x86_64-linux-gnu]
    arg [-L/usr/lib/gcc/x86_64-linux-gnu/4.8/../../../../lib] ==> dir [/usr/lib/gcc/x86_64-linux-gnu/4.8/../../../../lib]
    arg [-L/lib/x86_64-linux-gnu] ==> dir [/lib/x86_64-linux-gnu]
    arg [-L/lib/../lib] ==> dir [/lib/../lib]
    arg [-L/usr/lib/x86_64-linux-gnu] ==> dir [/usr/lib/x86_64-linux-gnu]
    arg [-L/usr/lib/../lib] ==> dir [/usr/lib/../lib]
    arg [-L/usr/lib/gcc/x86_64-linux-gnu/4.8/../../..] ==> dir [/usr/lib/gcc/x86_64-linux-gnu/4.8/../../..]
    arg [CMakeFiles/cmTryCompileExec3316130155.dir/CMakeCXXCompilerABI.cpp.o] ==> ignore
    arg [-lstdc++] ==> lib [stdc++]
    arg [-lm] ==> lib [m]
    arg [-lgcc_s] ==> lib [gcc_s]
    arg [-lgcc] ==> lib [gcc]
    arg [-lc] ==> lib [c]
    arg [-lgcc_s] ==> lib [gcc_s]
    arg [-lgcc] ==> lib [gcc]
    arg [/usr/lib/gcc/x86_64-linux-gnu/4.8/crtend.o] ==> ignore
    arg [/usr/lib/gcc/x86_64-linux-gnu/4.8/../../../x86_64-linux-gnu/crtn.o] ==> ignore
  remove lib [gcc_s]
  remove lib [gcc]
  remove lib [gcc_s]
  remove lib [gcc]
  collapse library dir [/usr/lib/gcc/x86_64-linux-gnu/4.8] ==> [/usr/lib/gcc/x86_64-linux-gnu/4.8]
  collapse library dir [/usr/lib/gcc/x86_64-linux-gnu/4.8/../../../x86_64-linux-gnu] ==> [/usr/lib/x86_64-linux-gnu]
  collapse library dir [/usr/lib/gcc/x86_64-linux-gnu/4.8/../../../../lib] ==> [/usr/lib]
  collapse library dir [/lib/x86_64-linux-gnu] ==> [/lib/x86_64-linux-gnu]
  collapse library dir [/lib/../lib] ==> [/lib]
  collapse library dir [/usr/lib/x86_64-linux-gnu] ==> [/usr/lib/x86_64-linux-gnu]
  collapse library dir [/usr/lib/../lib] ==> [/usr/lib]
  collapse library dir [/usr/lib/gcc/x86_64-linux-gnu/4.8/../../..] ==> [/usr/lib]
  implicit libs: [stdc++;m;c]
  implicit dirs: [/usr/lib/gcc/x86_64-linux-gnu/4.8;/usr/lib/x86_64-linux-gnu;/usr/lib;/lib/x86_64-linux-gnu;/lib]
  implicit fwks: []


Determining if the function XOpenDisplay exists in the /usr/lib/x86_64-linux-gnu/libX11.so;/usr/lib/x86_64-linux-gnu/libXext.so passed with the following output:
Change Dir: /home/myjy/work/modelGeo/sagacious-octo-waddle/build-surface_reconstruction/CMakeFiles/CMakeTmp

Run Build Command:/usr/bin/make "cmTryCompileExec1533325017/fast"
/usr/bin/make -f CMakeFiles/cmTryCompileExec1533325017.dir/build.make CMakeFiles/cmTryCompileExec1533325017.dir/build
make[1]: entrant dans le répertoire « /home/myjy/work/modelGeo/sagacious-octo-waddle/build-surface_reconstruction/CMakeFiles/CMakeTmp »
/usr/bin/cmake -E cmake_progress_report /home/myjy/work/modelGeo/sagacious-octo-waddle/build-surface_reconstruction/CMakeFiles/CMakeTmp/CMakeFiles 1
Building C object CMakeFiles/cmTryCompileExec1533325017.dir/CheckFunctionExists.c.o
/usr/bin/cc   -DCHECK_FUNCTION_EXISTS=XOpenDisplay   -o CMakeFiles/cmTryCompileExec1533325017.dir/CheckFunctionExists.c.o   -c /usr/share/cmake-2.8/Modules/CheckFunctionExists.c
Linking C executable cmTryCompileExec1533325017
/usr/bin/cmake -E cmake_link_script CMakeFiles/cmTryCompileExec1533325017.dir/link.txt --verbose=1
/usr/bin/cc   -DCHECK_FUNCTION_EXISTS=XOpenDisplay    CMakeFiles/cmTryCompileExec1533325017.dir/CheckFunctionExists.c.o  -o cmTryCompileExec1533325017 -rdynamic -lX11 -lXext 
make[1]: quittant le répertoire « /home/myjy/work/modelGeo/sagacious-octo-waddle/build-surface_reconstruction/CMakeFiles/CMakeTmp »


Determining if the function gethostbyname exists passed with the following output:
Change Dir: /home/myjy/work/modelGeo/sagacious-octo-waddle/build-surface_reconstruction/CMakeFiles/CMakeTmp

Run Build Command:/usr/bin/make "cmTryCompileExec3778651746/fast"
/usr/bin/make -f CMakeFiles/cmTryCompileExec3778651746.dir/build.make CMakeFiles/cmTryCompileExec3778651746.dir/build
make[1]: entrant dans le répertoire « /home/myjy/work/modelGeo/sagacious-octo-waddle/build-surface_reconstruction/CMakeFiles/CMakeTmp »
/usr/bin/cmake -E cmake_progress_report /home/myjy/work/modelGeo/sagacious-octo-waddle/build-surface_reconstruction/CMakeFiles/CMakeTmp/CMakeFiles 1
Building C object CMakeFiles/cmTryCompileExec3778651746.dir/CheckFunctionExists.c.o
/usr/bin/cc   -DCHECK_FUNCTION_EXISTS=gethostbyname   -o CMakeFiles/cmTryCompileExec3778651746.dir/CheckFunctionExists.c.o   -c /usr/share/cmake-2.8/Modules/CheckFunctionExists.c
Linking C executable cmTryCompileExec3778651746
/usr/bin/cmake -E cmake_link_script CMakeFiles/cmTryCompileExec3778651746.dir/link.txt --verbose=1
/usr/bin/cc   -DCHECK_FUNCTION_EXISTS=gethostbyname    CMakeFiles/cmTryCompileExec3778651746.dir/CheckFunctionExists.c.o  -o cmTryCompileExec3778651746 -rdynamic 
make[1]: quittant le répertoire « /home/myjy/work/modelGeo/sagacious-octo-waddle/build-surface_reconstruction/CMakeFiles/CMakeTmp »


Determining if the function connect exists passed with the following output:
Change Dir: /home/myjy/work/modelGeo/sagacious-octo-waddle/build-surface_reconstruction/CMakeFiles/CMakeTmp

Run Build Command:/usr/bin/make "cmTryCompileExec2158984108/fast"
/usr/bin/make -f CMakeFiles/cmTryCompileExec2158984108.dir/build.make CMakeFiles/cmTryCompileExec2158984108.dir/build
make[1]: entrant dans le répertoire « /home/myjy/work/modelGeo/sagacious-octo-waddle/build-surface_reconstruction/CMakeFiles/CMakeTmp »
/usr/bin/cmake -E cmake_progress_report /home/myjy/work/modelGeo/sagacious-octo-waddle/build-surface_reconstruction/CMakeFiles/CMakeTmp/CMakeFiles 1
Building C object CMakeFiles/cmTryCompileExec2158984108.dir/CheckFunctionExists.c.o
/usr/bin/cc   -DCHECK_FUNCTION_EXISTS=connect   -o CMakeFiles/cmTryCompileExec2158984108.dir/CheckFunctionExists.c.o   -c /usr/share/cmake-2.8/Modules/CheckFunctionExists.c
Linking C executable cmTryCompileExec2158984108
/usr/bin/cmake -E cmake_link_script CMakeFiles/cmTryCompileExec2158984108.dir/link.txt --verbose=1
/usr/bin/cc   -DCHECK_FUNCTION_EXISTS=connect    CMakeFiles/cmTryCompileExec2158984108.dir/CheckFunctionExists.c.o  -o cmTryCompileExec2158984108 -rdynamic 
make[1]: quittant le répertoire « /home/myjy/work/modelGeo/sagacious-octo-waddle/build-surface_reconstruction/CMakeFiles/CMakeTmp »


Determining if the function remove exists passed with the following output:
Change Dir: /home/myjy/work/modelGeo/sagacious-octo-waddle/build-surface_reconstruction/CMakeFiles/CMakeTmp

Run Build Command:/usr/bin/make "cmTryCompileExec3363172660/fast"
/usr/bin/make -f CMakeFiles/cmTryCompileExec3363172660.dir/build.make CMakeFiles/cmTryCompileExec3363172660.dir/build
make[1]: entrant dans le répertoire « /home/myjy/work/modelGeo/sagacious-octo-waddle/build-surface_reconstruction/CMakeFiles/CMakeTmp »
/usr/bin/cmake -E cmake_progress_report /home/myjy/work/modelGeo/sagacious-octo-waddle/build-surface_reconstruction/CMakeFiles/CMakeTmp/CMakeFiles 1
Building C object CMakeFiles/cmTryCompileExec3363172660.dir/CheckFunctionExists.c.o
/usr/bin/cc   -DCHECK_FUNCTION_EXISTS=remove   -o CMakeFiles/cmTryCompileExec3363172660.dir/CheckFunctionExists.c.o   -c /usr/share/cmake-2.8/Modules/CheckFunctionExists.c
Linking C executable cmTryCompileExec3363172660
/usr/bin/cmake -E cmake_link_script CMakeFiles/cmTryCompileExec3363172660.dir/link.txt --verbose=1
/usr/bin/cc   -DCHECK_FUNCTION_EXISTS=remove    CMakeFiles/cmTryCompileExec3363172660.dir/CheckFunctionExists.c.o  -o cmTryCompileExec3363172660 -rdynamic 
make[1]: quittant le répertoire « /home/myjy/work/modelGeo/sagacious-octo-waddle/build-surface_reconstruction/CMakeFiles/CMakeTmp »


Determining if the function shmat exists passed with the following output:
Change Dir: /home/myjy/work/modelGeo/sagacious-octo-waddle/build-surface_reconstruction/CMakeFiles/CMakeTmp

Run Build Command:/usr/bin/make "cmTryCompileExec1257006237/fast"
/usr/bin/make -f CMakeFiles/cmTryCompileExec1257006237.dir/build.make CMakeFiles/cmTryCompileExec1257006237.dir/build
make[1]: entrant dans le répertoire « /home/myjy/work/modelGeo/sagacious-octo-waddle/build-surface_reconstruction/CMakeFiles/CMakeTmp »
/usr/bin/cmake -E cmake_progress_report /home/myjy/work/modelGeo/sagacious-octo-waddle/build-surface_reconstruction/CMakeFiles/CMakeTmp/CMakeFiles 1
Building C object CMakeFiles/cmTryCompileExec1257006237.dir/CheckFunctionExists.c.o
/usr/bin/cc   -DCHECK_FUNCTION_EXISTS=shmat   -o CMakeFiles/cmTryCompileExec1257006237.dir/CheckFunctionExists.c.o   -c /usr/share/cmake-2.8/Modules/CheckFunctionExists.c
Linking C executable cmTryCompileExec1257006237
/usr/bin/cmake -E cmake_link_script CMakeFiles/cmTryCompileExec1257006237.dir/link.txt --verbose=1
/usr/bin/cc   -DCHECK_FUNCTION_EXISTS=shmat    CMakeFiles/cmTryCompileExec1257006237.dir/CheckFunctionExists.c.o  -o cmTryCompileExec1257006237 -rdynamic 
make[1]: quittant le répertoire « /home/myjy/work/modelGeo/sagacious-octo-waddle/build-surface_reconstruction/CMakeFiles/CMakeTmp »


Determining if the function IceConnectionNumber exists in the ICE passed with the following output:
Change Dir: /home/myjy/work/modelGeo/sagacious-octo-waddle/build-surface_reconstruction/CMakeFiles/CMakeTmp

Run Build Command:/usr/bin/make "cmTryCompileExec2965609097/fast"
/usr/bin/make -f CMakeFiles/cmTryCompileExec2965609097.dir/build.make CMakeFiles/cmTryCompileExec2965609097.dir/build
make[1]: entrant dans le répertoire « /home/myjy/work/modelGeo/sagacious-octo-waddle/build-surface_reconstruction/CMakeFiles/CMakeTmp »
/usr/bin/cmake -E cmake_progress_report /home/myjy/work/modelGeo/sagacious-octo-waddle/build-surface_reconstruction/CMakeFiles/CMakeTmp/CMakeFiles 1
Building C object CMakeFiles/cmTryCompileExec2965609097.dir/CheckFunctionExists.c.o
/usr/bin/cc   -DCHECK_FUNCTION_EXISTS=IceConnectionNumber   -o CMakeFiles/cmTryCompileExec2965609097.dir/CheckFunctionExists.c.o   -c /usr/share/cmake-2.8/Modules/CheckFunctionExists.c
Linking C executable cmTryCompileExec2965609097
/usr/bin/cmake -E cmake_link_script CMakeFiles/cmTryCompileExec2965609097.dir/link.txt --verbose=1
/usr/bin/cc   -DCHECK_FUNCTION_EXISTS=IceConnectionNumber    CMakeFiles/cmTryCompileExec2965609097.dir/CheckFunctionExists.c.o  -o cmTryCompileExec2965609097 -rdynamic -lICE 
make[1]: quittant le répertoire « /home/myjy/work/modelGeo/sagacious-octo-waddle/build-surface_reconstruction/CMakeFiles/CMakeTmp »


Determining if files pthread.h exist passed with the following output:
Change Dir: /home/myjy/work/modelGeo/sagacious-octo-waddle/build-surface_reconstruction/CMakeFiles/CMakeTmp

Run Build Command:/usr/bin/make "cmTryCompileExec3793997871/fast"
/usr/bin/make -f CMakeFiles/cmTryCompileExec3793997871.dir/build.make CMakeFiles/cmTryCompileExec3793997871.dir/build
make[1]: entrant dans le répertoire « /home/myjy/work/modelGeo/sagacious-octo-waddle/build-surface_reconstruction/CMakeFiles/CMakeTmp »
/usr/bin/cmake -E cmake_progress_report /home/myjy/work/modelGeo/sagacious-octo-waddle/build-surface_reconstruction/CMakeFiles/CMakeTmp/CMakeFiles 1
Building C object CMakeFiles/cmTryCompileExec3793997871.dir/CheckIncludeFiles.c.o
/usr/bin/cc    -o CMakeFiles/cmTryCompileExec3793997871.dir/CheckIncludeFiles.c.o   -c /home/myjy/work/modelGeo/sagacious-octo-waddle/build-surface_reconstruction/CMakeFiles/CMakeTmp/CheckIncludeFiles.c
Linking C executable cmTryCompileExec3793997871
/usr/bin/cmake -E cmake_link_script CMakeFiles/cmTryCompileExec3793997871.dir/link.txt --verbose=1
/usr/bin/cc       CMakeFiles/cmTryCompileExec3793997871.dir/CheckIncludeFiles.c.o  -o cmTryCompileExec3793997871 -rdynamic 
make[1]: quittant le répertoire « /home/myjy/work/modelGeo/sagacious-octo-waddle/build-surface_reconstruction/CMakeFiles/CMakeTmp »


Determining if the function pthread_create exists in the pthread passed with the following output:
Change Dir: /home/myjy/work/modelGeo/sagacious-octo-waddle/build-surface_reconstruction/CMakeFiles/CMakeTmp

Run Build Command:/usr/bin/make "cmTryCompileExec3661517245/fast"
/usr/bin/make -f CMakeFiles/cmTryCompileExec3661517245.dir/build.make CMakeFiles/cmTryCompileExec3661517245.dir/build
make[1]: entrant dans le répertoire « /home/myjy/work/modelGeo/sagacious-octo-waddle/build-surface_reconstruction/CMakeFiles/CMakeTmp »
/usr/bin/cmake -E cmake_progress_report /home/myjy/work/modelGeo/sagacious-octo-waddle/build-surface_reconstruction/CMakeFiles/CMakeTmp/CMakeFiles 1
Building C object CMakeFiles/cmTryCompileExec3661517245.dir/CheckFunctionExists.c.o
/usr/bin/cc   -DCHECK_FUNCTION_EXISTS=pthread_create   -o CMakeFiles/cmTryCompileExec3661517245.dir/CheckFunctionExists.c.o   -c /usr/share/cmake-2.8/Modules/CheckFunctionExists.c
Linking C executable cmTryCompileExec3661517245
/usr/bin/cmake -E cmake_link_script CMakeFiles/cmTryCompileExec3661517245.dir/link.txt --verbose=1
/usr/bin/cc   -DCHECK_FUNCTION_EXISTS=pthread_create    CMakeFiles/cmTryCompileExec3661517245.dir/CheckFunctionExists.c.o  -o cmTryCompileExec3661517245 -rdynamic -lpthread 
make[1]: quittant le répertoire « /home/myjy/work/modelGeo/sagacious-octo-waddle/build-surface_reconstruction/CMakeFiles/CMakeTmp »


Determining if the function glXGetProcAddress exists passed with the following output:
Change Dir: /home/myjy/work/modelGeo/sagacious-octo-waddle/build-surface_reconstruction/CMakeFiles/CMakeTmp

Run Build Command:/usr/bin/make "cmTryCompileExec161712128/fast"
/usr/bin/make -f CMakeFiles/cmTryCompileExec161712128.dir/build.make CMakeFiles/cmTryCompileExec161712128.dir/build
make[1]: entrant dans le répertoire « /home/myjy/work/modelGeo/sagacious-octo-waddle/build-surface_reconstruction/CMakeFiles/CMakeTmp »
/usr/bin/cmake -E cmake_progress_report /home/myjy/work/modelGeo/sagacious-octo-waddle/build-surface_reconstruction/CMakeFiles/CMakeTmp/CMakeFiles 1
Building C object CMakeFiles/cmTryCompileExec161712128.dir/CheckFunctionExists.c.o
/usr/bin/cc   -DCHECK_FUNCTION_EXISTS=glXGetProcAddress   -o CMakeFiles/cmTryCompileExec161712128.dir/CheckFunctionExists.c.o   -c /usr/share/cmake-2.8/Modules/CheckFunctionExists.c
Linking C executable cmTryCompileExec161712128
/usr/bin/cmake -E cmake_link_script CMakeFiles/cmTryCompileExec161712128.dir/link.txt --verbose=1
/usr/bin/cc   -DCHECK_FUNCTION_EXISTS=glXGetProcAddress    CMakeFiles/cmTryCompileExec161712128.dir/CheckFunctionExists.c.o  -o cmTryCompileExec161712128 -rdynamic -lGL 
make[1]: quittant le répertoire « /home/myjy/work/modelGeo/sagacious-octo-waddle/build-surface_reconstruction/CMakeFiles/CMakeTmp »


Determining if the function glXGetProcAddressARB exists passed with the following output:
Change Dir: /home/myjy/work/modelGeo/sagacious-octo-waddle/build-surface_reconstruction/CMakeFiles/CMakeTmp

Run Build Command:/usr/bin/make "cmTryCompileExec2049044753/fast"
/usr/bin/make -f CMakeFiles/cmTryCompileExec2049044753.dir/build.make CMakeFiles/cmTryCompileExec2049044753.dir/build
make[1]: entrant dans le répertoire « /home/myjy/work/modelGeo/sagacious-octo-waddle/build-surface_reconstruction/CMakeFiles/CMakeTmp »
/usr/bin/cmake -E cmake_progress_report /home/myjy/work/modelGeo/sagacious-octo-waddle/build-surface_reconstruction/CMakeFiles/CMakeTmp/CMakeFiles 1
Building C object CMakeFiles/cmTryCompileExec2049044753.dir/CheckFunctionExists.c.o
/usr/bin/cc   -DCHECK_FUNCTION_EXISTS=glXGetProcAddressARB   -o CMakeFiles/cmTryCompileExec2049044753.dir/CheckFunctionExists.c.o   -c /usr/share/cmake-2.8/Modules/CheckFunctionExists.c
Linking C executable cmTryCompileExec2049044753
/usr/bin/cmake -E cmake_link_script CMakeFiles/cmTryCompileExec2049044753.dir/link.txt --verbose=1
/usr/bin/cc   -DCHECK_FUNCTION_EXISTS=glXGetProcAddressARB    CMakeFiles/cmTryCompileExec2049044753.dir/CheckFunctionExists.c.o  -o cmTryCompileExec2049044753 -rdynamic -lGL 
make[1]: quittant le répertoire « /home/myjy/work/modelGeo/sagacious-octo-waddle/build-surface_reconstruction/CMakeFiles/CMakeTmp »


