Determining if the pthread_create exist failed with the following output:
Change Dir: /home/myjy/work/modelGeo/sagacious-octo-waddle/build-surface_reconstruction/CMakeFiles/CMakeTmp

Run Build Command:/usr/bin/make "cmTryCompileExec501525129/fast"
/usr/bin/make -f CMakeFiles/cmTryCompileExec501525129.dir/build.make CMakeFiles/cmTryCompileExec501525129.dir/build
make[1]: entrant dans le répertoire « /home/myjy/work/modelGeo/sagacious-octo-waddle/build-surface_reconstruction/CMakeFiles/CMakeTmp »
/usr/bin/cmake -E cmake_progress_report /home/myjy/work/modelGeo/sagacious-octo-waddle/build-surface_reconstruction/CMakeFiles/CMakeTmp/CMakeFiles 1
Building C object CMakeFiles/cmTryCompileExec501525129.dir/CheckSymbolExists.c.o
/usr/bin/cc    -o CMakeFiles/cmTryCompileExec501525129.dir/CheckSymbolExists.c.o   -c /home/myjy/work/modelGeo/sagacious-octo-waddle/build-surface_reconstruction/CMakeFiles/CMakeTmp/CheckSymbolExists.c
Linking C executable cmTryCompileExec501525129
/usr/bin/cmake -E cmake_link_script CMakeFiles/cmTryCompileExec501525129.dir/link.txt --verbose=1
/usr/bin/cc       CMakeFiles/cmTryCompileExec501525129.dir/CheckSymbolExists.c.o  -o cmTryCompileExec501525129 -rdynamic 
CMakeFiles/cmTryCompileExec501525129.dir/CheckSymbolExists.c.o: dans la fonction « main »:
CheckSymbolExists.c:(.text+0x16): référence indéfinie vers « pthread_create »
collect2: error: ld returned 1 exit status
make[1]: *** [cmTryCompileExec501525129] Erreur 1
make[1]: quittant le répertoire « /home/myjy/work/modelGeo/sagacious-octo-waddle/build-surface_reconstruction/CMakeFiles/CMakeTmp »
make: *** [cmTryCompileExec501525129/fast] Erreur 2

File /home/myjy/work/modelGeo/sagacious-octo-waddle/build-surface_reconstruction/CMakeFiles/CMakeTmp/CheckSymbolExists.c:
/* */
#include <pthread.h>

int main(int argc, char** argv)
{
  (void)argv;
#ifndef pthread_create
  return ((int*)(&pthread_create))[argc];
#else
  (void)argc;
  return 0;
#endif
}

Determining if the function pthread_create exists in the pthreads failed with the following output:
Change Dir: /home/myjy/work/modelGeo/sagacious-octo-waddle/build-surface_reconstruction/CMakeFiles/CMakeTmp

Run Build Command:/usr/bin/make "cmTryCompileExec3712665135/fast"
/usr/bin/make -f CMakeFiles/cmTryCompileExec3712665135.dir/build.make CMakeFiles/cmTryCompileExec3712665135.dir/build
make[1]: entrant dans le répertoire « /home/myjy/work/modelGeo/sagacious-octo-waddle/build-surface_reconstruction/CMakeFiles/CMakeTmp »
/usr/bin/cmake -E cmake_progress_report /home/myjy/work/modelGeo/sagacious-octo-waddle/build-surface_reconstruction/CMakeFiles/CMakeTmp/CMakeFiles 1
Building C object CMakeFiles/cmTryCompileExec3712665135.dir/CheckFunctionExists.c.o
/usr/bin/cc   -DCHECK_FUNCTION_EXISTS=pthread_create   -o CMakeFiles/cmTryCompileExec3712665135.dir/CheckFunctionExists.c.o   -c /usr/share/cmake-2.8/Modules/CheckFunctionExists.c
Linking C executable cmTryCompileExec3712665135
/usr/bin/cmake -E cmake_link_script CMakeFiles/cmTryCompileExec3712665135.dir/link.txt --verbose=1
/usr/bin/cc   -DCHECK_FUNCTION_EXISTS=pthread_create    CMakeFiles/cmTryCompileExec3712665135.dir/CheckFunctionExists.c.o  -o cmTryCompileExec3712665135 -rdynamic -lpthreads 
/usr/bin/ld: ne peut trouver -lpthreads
collect2: error: ld returned 1 exit status
make[1]: *** [cmTryCompileExec3712665135] Erreur 1
make[1]: quittant le répertoire « /home/myjy/work/modelGeo/sagacious-octo-waddle/build-surface_reconstruction/CMakeFiles/CMakeTmp »
make: *** [cmTryCompileExec3712665135/fast] Erreur 2


Determining if the function glXGetProcAddressEXT exists failed with the following output:
Change Dir: /home/myjy/work/modelGeo/sagacious-octo-waddle/build-surface_reconstruction/CMakeFiles/CMakeTmp

Run Build Command:/usr/bin/make "cmTryCompileExec2100542767/fast"
/usr/bin/make -f CMakeFiles/cmTryCompileExec2100542767.dir/build.make CMakeFiles/cmTryCompileExec2100542767.dir/build
make[1]: entrant dans le répertoire « /home/myjy/work/modelGeo/sagacious-octo-waddle/build-surface_reconstruction/CMakeFiles/CMakeTmp »
/usr/bin/cmake -E cmake_progress_report /home/myjy/work/modelGeo/sagacious-octo-waddle/build-surface_reconstruction/CMakeFiles/CMakeTmp/CMakeFiles 1
Building C object CMakeFiles/cmTryCompileExec2100542767.dir/CheckFunctionExists.c.o
/usr/bin/cc   -DCHECK_FUNCTION_EXISTS=glXGetProcAddressEXT   -o CMakeFiles/cmTryCompileExec2100542767.dir/CheckFunctionExists.c.o   -c /usr/share/cmake-2.8/Modules/CheckFunctionExists.c
Linking C executable cmTryCompileExec2100542767
/usr/bin/cmake -E cmake_link_script CMakeFiles/cmTryCompileExec2100542767.dir/link.txt --verbose=1
/usr/bin/cc   -DCHECK_FUNCTION_EXISTS=glXGetProcAddressEXT    CMakeFiles/cmTryCompileExec2100542767.dir/CheckFunctionExists.c.o  -o cmTryCompileExec2100542767 -rdynamic -lGL 
CMakeFiles/cmTryCompileExec2100542767.dir/CheckFunctionExists.c.o: dans la fonction « main »:
CheckFunctionExists.c:(.text+0x15): référence indéfinie vers « glXGetProcAddressEXT »
collect2: error: ld returned 1 exit status
make[1]: *** [cmTryCompileExec2100542767] Erreur 1
make[1]: quittant le répertoire « /home/myjy/work/modelGeo/sagacious-octo-waddle/build-surface_reconstruction/CMakeFiles/CMakeTmp »
make: *** [cmTryCompileExec2100542767/fast] Erreur 2


